[0.021s] Invoking command in '/home/chengwsam/ros2_ws/src/build/topic_tools': AMENT_PREFIX_PATH=/home/chengwsam/ros2_ws/src/install/topic_tools_interfaces:${AMENT_PREFIX_PATH} CMAKE_PREFIX_PATH=/home/chengwsam/ros2_ws/src/install/topic_tools_interfaces:/home/chengwsam/ros2_ws/install/topic_tools:/home/chengwsam/ros2_ws/install/topic_tools_interfaces:/home/chengwsam/ros2_ws/install/realsense2_description:/home/chengwsam/ros2_ws/install/realsense2_camera:/home/chengwsam/ros2_ws/install/realsense2_camera_msgs:/home/chengwsam/ros2_ws/install/koch_moveit_config:/home/chengwsam/ws_moveit/install/robotiq_hardware_tests:/home/chengwsam/ws_moveit/install/robotiq_driver:/home/chengwsam/ws_moveit/install/serial:/home/chengwsam/ws_moveit/install/moveit2_tutorials:/home/chengwsam/ws_moveit/install/moveit_visual_tools:/home/chengwsam/ws_moveit/install/rviz_visual_tools:/home/chengwsam/ws_moveit/install/moveit_task_constructor_visualization:/home/chengwsam/ws_moveit/install/moveit_task_constructor_demo:/home/chengwsam/ws_moveit/install/moveit_task_constructor_capabilities:/home/chengwsam/ws_moveit/install/moveit_task_constructor_core:/home/chengwsam/ws_moveit/install/rviz_marker_tools:/home/chengwsam/ws_moveit/install/kortex_bringup:/home/chengwsam/ws_moveit/install/kinova_gen3_lite_moveit_config:/home/chengwsam/ws_moveit/install/kinova_gen3_7dof_robotiq_2f_85_moveit_config:/home/chengwsam/ws_moveit/install/kinova_gen3_6dof_robotiq_2f_85_moveit_config:/home/chengwsam/ws_moveit/install/kortex_description:/home/chengwsam/ws_moveit/install/robotiq_description:/home/chengwsam/ws_moveit/install/robotiq_controllers:/home/chengwsam/ws_moveit/install/pilz_industrial_motion_planner_testutils:/home/chengwsam/ws_moveit/install/moveit_runtime:/home/chengwsam/ws_moveit/install/moveit:/home/chengwsam/ws_moveit/install/moveit_planners:/home/chengwsam/ws_moveit/install/pilz_industrial_motion_planner:/home/chengwsam/ws_moveit/install/moveit_task_constructor_msgs:/home/chengwsam/ws_moveit/install/moveit_ros_control_interface:/home/chengwsam/ws_moveit/install/moveit_plugins:/home/chengwsam/ws_moveit/install/moveit_simple_controller_manager:/home/chengwsam/ws_moveit/install/moveit_setup_assistant:/home/chengwsam/ws_moveit/install/moveit_setup_srdf_plugins:/home/chengwsam/ws_moveit/install/moveit_setup_core_plugins:/home/chengwsam/ws_moveit/install/moveit_setup_controllers:/home/chengwsam/ws_moveit/install/moveit_setup_app_plugins:/home/chengwsam/ws_moveit/install/moveit_setup_framework:/home/chengwsam/ws_moveit/install/moveit_servo:/home/chengwsam/ws_moveit/install/moveit_ros_trajectory_cache:/home/chengwsam/ws_moveit/install/moveit_ros:/home/chengwsam/ws_moveit/install/moveit_ros_visualization:/home/chengwsam/ws_moveit/install/moveit_py:/home/chengwsam/ws_moveit/install/moveit_hybrid_planning:/home/chengwsam/ws_moveit/install/moveit_ros_planning_interface:/home/chengwsam/ws_moveit/install/moveit_ros_benchmarks:/home/chengwsam/ws_moveit/install/moveit_ros_warehouse:/home/chengwsam/ws_moveit/install/moveit_ros_robot_interaction:/home/chengwsam/ws_moveit/install/moveit_ros_perception:/home/chengwsam/ws_moveit/install/moveit_resources_prbt_pg70_support:/home/chengwsam/ws_moveit/install/moveit_resources_prbt_moveit_config:/home/chengwsam/ws_moveit/install/moveit_ros_move_group:/home/chengwsam/ws_moveit/install/moveit_planners_ompl:/home/chengwsam/ws_moveit/install/moveit_kinematics:/home/chengwsam/ws_moveit/install/moveit_ros_planning:/home/chengwsam/ws_moveit/install/moveit_ros_occupancy_map_monitor:/home/chengwsam/ws_moveit/install/moveit_resources_prbt_support:/home/chengwsam/ws_moveit/install/moveit_resources_prbt_ikfast_manipulator_plugin:/home/chengwsam/ws_moveit/install/moveit_resources:/home/chengwsam/ws_moveit/install/moveit_resources_pr2_description:/home/chengwsam/ws_moveit/install/moveit_resources_panda_moveit_config:/home/chengwsam/ws_moveit/install/dual_arm_panda_moveit_config:/home/chengwsam/ws_moveit/install/moveit_resources_panda_description:/home/chengwsam/ws_moveit/install/moveit_resources_fanuc_moveit_config:/home/chengwsam/ws_moveit/install/moveit_resources_fanuc_description:/home/chengwsam/ws_moveit/install/moveit_planners_stomp:/home/chengwsam/ws_moveit/install/moveit_planners_chomp:/home/chengwsam/ws_moveit/install/chomp_motion_planner:/home/chengwsam/ws_moveit/install/moveit_core:/home/chengwsam/ws_moveit/install/moveit_msgs:/home/chengwsam/ws_moveit/install/moveit_common:/home/chengwsam/ws_moveit/install/kortex_driver:/home/chengwsam/ws_moveit/install/kortex_api:/home/chengwsam/ws_moveit/install/apriltag_msgs:/home/chengwsam/ros2_ws/install/koch_simulation:/home/chengwsam/ros2_ws/install/koch_ros2_wrapper:/home/chengwsam/ros2_ws/install/hand_teleop_demo:/home/chengwsam/ws_moveit/install/moveit_configs_utils:/opt/ros/humble LD_LIBRARY_PATH=/home/chengwsam/ros2_ws/src/install/topic_tools_interfaces/lib:${LD_LIBRARY_PATH} PYTHONPATH=/home/chengwsam/ros2_ws/src/install/topic_tools_interfaces/local/lib/python3.10/dist-packages:${PYTHONPATH} /usr/bin/cmake /home/chengwsam/ros2_ws/src/topic_tools/topic_tools -DAMENT_CMAKE_SYMLINK_INSTALL=1 -DCMAKE_INSTALL_PREFIX=/home/chengwsam/ros2_ws/src/install/topic_tools
[0.073s] -- The C compiler identification is GNU 11.4.0
[0.112s] -- The CXX compiler identification is GNU 11.4.0
[0.117s] -- Detecting C compiler ABI info
[0.181s] -- Detecting C compiler ABI info - done
[0.185s] -- Check for working C compiler: /usr/bin/cc - skipped
[0.186s] -- Detecting C compile features
[0.186s] -- Detecting C compile features - done
[0.188s] -- Detecting CXX compiler ABI info
[0.258s] -- Detecting CXX compiler ABI info - done
[0.263s] -- Check for working CXX compiler: /usr/bin/c++ - skipped
[0.263s] -- Detecting CXX compile features
[0.264s] -- Detecting CXX compile features - done
[0.268s] -- Found ament_cmake_auto: 1.3.12 (/opt/ros/humble/share/ament_cmake_auto/cmake)
[0.390s] -- Found Python3: /usr/bin/python3 (found version "3.10.12") found components: Interpreter 
[0.432s] -- Override CMake install command with custom implementation using symlinks instead of copying resources
[0.589s] -- Found rosidl_generator_c: 3.1.7 (/opt/ros/humble/share/rosidl_generator_c/cmake)
[0.597s] -- Found rosidl_adapter: 3.1.7 (/opt/ros/humble/share/rosidl_adapter/cmake)
[0.607s] -- Found rosidl_generator_cpp: 3.1.7 (/opt/ros/humble/share/rosidl_generator_cpp/cmake)
[0.621s] -- Using all available rosidl_typesupport_c: rosidl_typesupport_fastrtps_c;rosidl_typesupport_introspection_c
[0.640s] -- Using all available rosidl_typesupport_cpp: rosidl_typesupport_fastrtps_cpp;rosidl_typesupport_introspection_cpp
[0.701s] -- Found rmw_implementation_cmake: 6.1.2 (/opt/ros/humble/share/rmw_implementation_cmake/cmake)
[0.711s] -- Found rmw_fastrtps_cpp: 6.2.8 (/opt/ros/humble/share/rmw_fastrtps_cpp/cmake)
[0.821s] -- Found OpenSSL: /usr/lib/x86_64-linux-gnu/libcrypto.so (found version "3.0.2")  
[0.846s] -- Found FastRTPS: /opt/ros/humble/include  
[0.886s] -- Using RMW implementation 'rmw_fastrtps_cpp' as default
[0.903s] -- Looking for pthread.h
[0.967s] -- Looking for pthread.h - found
[0.967s] -- Performing Test CMAKE_HAVE_LIBC_PTHREAD
[1.028s] -- Performing Test CMAKE_HAVE_LIBC_PTHREAD - Success
[1.029s] -- Found Threads: TRUE  
[1.185s] -- Found ament_lint_auto: 0.12.14 (/opt/ros/humble/share/ament_lint_auto/cmake)
[1.234s] -- Found gtest sources under '/opt/ros/humble/src/gtest_vendor': C++ tests using 'Google Test' will be built
[1.241s] [0mIn this package, headers install destination is set to `include` by ament_auto_package. It is recommended to install `include/topic_tools` instead and will be the default behavior of ament_auto_package from ROS 2 Kilted Kaiju. On distributions before Kilted, ament_auto_package behaves the same way when you use USE_SCOPED_HEADER_INSTALL_DIR option.[0m
[1.244s] -- Added test 'copyright' to check source files copyright and LICENSE
[1.245s] -- Added test 'cppcheck' to perform static code analysis on C / C++ code
[1.245s] -- Configured cppcheck include dirs: /home/chengwsam/ros2_ws/src/topic_tools/topic_tools/include;$<BUILD_INTERFACE:/home/chengwsam/ros2_ws/src/topic_tools/topic_tools/include>
[1.245s] -- Configured cppcheck exclude dirs and/or files: 
[1.247s] -- Added test 'cpplint' to check C / C++ code against the Google style
[1.247s] -- Configured cpplint exclude dirs and/or files: 
[1.248s] -- Added test 'flake8' to check Python code syntax and style conventions
[1.248s] -- Added test 'lint_cmake' to check CMake code style
[1.249s] -- Added test 'pep257' to check Python code against some of the docstring style conventions in PEP 257
[1.251s] -- Added test 'uncrustify' to check C / C++ code style
[1.251s] -- Configured uncrustify additional arguments: 
[1.252s] -- Added test 'xmllint' to check XML markup files
[1.254s] -- Configuring done
[1.286s] -- Generating done
[1.298s] -- Build files have been written to: /home/chengwsam/ros2_ws/src/build/topic_tools
[1.307s] Invoked command in '/home/chengwsam/ros2_ws/src/build/topic_tools' returned '0': AMENT_PREFIX_PATH=/home/chengwsam/ros2_ws/src/install/topic_tools_interfaces:${AMENT_PREFIX_PATH} CMAKE_PREFIX_PATH=/home/chengwsam/ros2_ws/src/install/topic_tools_interfaces:/home/chengwsam/ros2_ws/install/topic_tools:/home/chengwsam/ros2_ws/install/topic_tools_interfaces:/home/chengwsam/ros2_ws/install/realsense2_description:/home/chengwsam/ros2_ws/install/realsense2_camera:/home/chengwsam/ros2_ws/install/realsense2_camera_msgs:/home/chengwsam/ros2_ws/install/koch_moveit_config:/home/chengwsam/ws_moveit/install/robotiq_hardware_tests:/home/chengwsam/ws_moveit/install/robotiq_driver:/home/chengwsam/ws_moveit/install/serial:/home/chengwsam/ws_moveit/install/moveit2_tutorials:/home/chengwsam/ws_moveit/install/moveit_visual_tools:/home/chengwsam/ws_moveit/install/rviz_visual_tools:/home/chengwsam/ws_moveit/install/moveit_task_constructor_visualization:/home/chengwsam/ws_moveit/install/moveit_task_constructor_demo:/home/chengwsam/ws_moveit/install/moveit_task_constructor_capabilities:/home/chengwsam/ws_moveit/install/moveit_task_constructor_core:/home/chengwsam/ws_moveit/install/rviz_marker_tools:/home/chengwsam/ws_moveit/install/kortex_bringup:/home/chengwsam/ws_moveit/install/kinova_gen3_lite_moveit_config:/home/chengwsam/ws_moveit/install/kinova_gen3_7dof_robotiq_2f_85_moveit_config:/home/chengwsam/ws_moveit/install/kinova_gen3_6dof_robotiq_2f_85_moveit_config:/home/chengwsam/ws_moveit/install/kortex_description:/home/chengwsam/ws_moveit/install/robotiq_description:/home/chengwsam/ws_moveit/install/robotiq_controllers:/home/chengwsam/ws_moveit/install/pilz_industrial_motion_planner_testutils:/home/chengwsam/ws_moveit/install/moveit_runtime:/home/chengwsam/ws_moveit/install/moveit:/home/chengwsam/ws_moveit/install/moveit_planners:/home/chengwsam/ws_moveit/install/pilz_industrial_motion_planner:/home/chengwsam/ws_moveit/install/moveit_task_constructor_msgs:/home/chengwsam/ws_moveit/install/moveit_ros_control_interface:/home/chengwsam/ws_moveit/install/moveit_plugins:/home/chengwsam/ws_moveit/install/moveit_simple_controller_manager:/home/chengwsam/ws_moveit/install/moveit_setup_assistant:/home/chengwsam/ws_moveit/install/moveit_setup_srdf_plugins:/home/chengwsam/ws_moveit/install/moveit_setup_core_plugins:/home/chengwsam/ws_moveit/install/moveit_setup_controllers:/home/chengwsam/ws_moveit/install/moveit_setup_app_plugins:/home/chengwsam/ws_moveit/install/moveit_setup_framework:/home/chengwsam/ws_moveit/install/moveit_servo:/home/chengwsam/ws_moveit/install/moveit_ros_trajectory_cache:/home/chengwsam/ws_moveit/install/moveit_ros:/home/chengwsam/ws_moveit/install/moveit_ros_visualization:/home/chengwsam/ws_moveit/install/moveit_py:/home/chengwsam/ws_moveit/install/moveit_hybrid_planning:/home/chengwsam/ws_moveit/install/moveit_ros_planning_interface:/home/chengwsam/ws_moveit/install/moveit_ros_benchmarks:/home/chengwsam/ws_moveit/install/moveit_ros_warehouse:/home/chengwsam/ws_moveit/install/moveit_ros_robot_interaction:/home/chengwsam/ws_moveit/install/moveit_ros_perception:/home/chengwsam/ws_moveit/install/moveit_resources_prbt_pg70_support:/home/chengwsam/ws_moveit/install/moveit_resources_prbt_moveit_config:/home/chengwsam/ws_moveit/install/moveit_ros_move_group:/home/chengwsam/ws_moveit/install/moveit_planners_ompl:/home/chengwsam/ws_moveit/install/moveit_kinematics:/home/chengwsam/ws_moveit/install/moveit_ros_planning:/home/chengwsam/ws_moveit/install/moveit_ros_occupancy_map_monitor:/home/chengwsam/ws_moveit/install/moveit_resources_prbt_support:/home/chengwsam/ws_moveit/install/moveit_resources_prbt_ikfast_manipulator_plugin:/home/chengwsam/ws_moveit/install/moveit_resources:/home/chengwsam/ws_moveit/install/moveit_resources_pr2_description:/home/chengwsam/ws_moveit/install/moveit_resources_panda_moveit_config:/home/chengwsam/ws_moveit/install/dual_arm_panda_moveit_config:/home/chengwsam/ws_moveit/install/moveit_resources_panda_description:/home/chengwsam/ws_moveit/install/moveit_resources_fanuc_moveit_config:/home/chengwsam/ws_moveit/install/moveit_resources_fanuc_description:/home/chengwsam/ws_moveit/install/moveit_planners_stomp:/home/chengwsam/ws_moveit/install/moveit_planners_chomp:/home/chengwsam/ws_moveit/install/chomp_motion_planner:/home/chengwsam/ws_moveit/install/moveit_core:/home/chengwsam/ws_moveit/install/moveit_msgs:/home/chengwsam/ws_moveit/install/moveit_common:/home/chengwsam/ws_moveit/install/kortex_driver:/home/chengwsam/ws_moveit/install/kortex_api:/home/chengwsam/ws_moveit/install/apriltag_msgs:/home/chengwsam/ros2_ws/install/koch_simulation:/home/chengwsam/ros2_ws/install/koch_ros2_wrapper:/home/chengwsam/ros2_ws/install/hand_teleop_demo:/home/chengwsam/ws_moveit/install/moveit_configs_utils:/opt/ros/humble LD_LIBRARY_PATH=/home/chengwsam/ros2_ws/src/install/topic_tools_interfaces/lib:${LD_LIBRARY_PATH} PYTHONPATH=/home/chengwsam/ros2_ws/src/install/topic_tools_interfaces/local/lib/python3.10/dist-packages:${PYTHONPATH} /usr/bin/cmake /home/chengwsam/ros2_ws/src/topic_tools/topic_tools -DAMENT_CMAKE_SYMLINK_INSTALL=1 -DCMAKE_INSTALL_PREFIX=/home/chengwsam/ros2_ws/src/install/topic_tools
[1.307s] Invoking command in '/home/chengwsam/ros2_ws/src/build/topic_tools': AMENT_PREFIX_PATH=/home/chengwsam/ros2_ws/src/install/topic_tools_interfaces:${AMENT_PREFIX_PATH} CMAKE_PREFIX_PATH=/home/chengwsam/ros2_ws/src/install/topic_tools_interfaces:/home/chengwsam/ros2_ws/install/topic_tools:/home/chengwsam/ros2_ws/install/topic_tools_interfaces:/home/chengwsam/ros2_ws/install/realsense2_description:/home/chengwsam/ros2_ws/install/realsense2_camera:/home/chengwsam/ros2_ws/install/realsense2_camera_msgs:/home/chengwsam/ros2_ws/install/koch_moveit_config:/home/chengwsam/ws_moveit/install/robotiq_hardware_tests:/home/chengwsam/ws_moveit/install/robotiq_driver:/home/chengwsam/ws_moveit/install/serial:/home/chengwsam/ws_moveit/install/moveit2_tutorials:/home/chengwsam/ws_moveit/install/moveit_visual_tools:/home/chengwsam/ws_moveit/install/rviz_visual_tools:/home/chengwsam/ws_moveit/install/moveit_task_constructor_visualization:/home/chengwsam/ws_moveit/install/moveit_task_constructor_demo:/home/chengwsam/ws_moveit/install/moveit_task_constructor_capabilities:/home/chengwsam/ws_moveit/install/moveit_task_constructor_core:/home/chengwsam/ws_moveit/install/rviz_marker_tools:/home/chengwsam/ws_moveit/install/kortex_bringup:/home/chengwsam/ws_moveit/install/kinova_gen3_lite_moveit_config:/home/chengwsam/ws_moveit/install/kinova_gen3_7dof_robotiq_2f_85_moveit_config:/home/chengwsam/ws_moveit/install/kinova_gen3_6dof_robotiq_2f_85_moveit_config:/home/chengwsam/ws_moveit/install/kortex_description:/home/chengwsam/ws_moveit/install/robotiq_description:/home/chengwsam/ws_moveit/install/robotiq_controllers:/home/chengwsam/ws_moveit/install/pilz_industrial_motion_planner_testutils:/home/chengwsam/ws_moveit/install/moveit_runtime:/home/chengwsam/ws_moveit/install/moveit:/home/chengwsam/ws_moveit/install/moveit_planners:/home/chengwsam/ws_moveit/install/pilz_industrial_motion_planner:/home/chengwsam/ws_moveit/install/moveit_task_constructor_msgs:/home/chengwsam/ws_moveit/install/moveit_ros_control_interface:/home/chengwsam/ws_moveit/install/moveit_plugins:/home/chengwsam/ws_moveit/install/moveit_simple_controller_manager:/home/chengwsam/ws_moveit/install/moveit_setup_assistant:/home/chengwsam/ws_moveit/install/moveit_setup_srdf_plugins:/home/chengwsam/ws_moveit/install/moveit_setup_core_plugins:/home/chengwsam/ws_moveit/install/moveit_setup_controllers:/home/chengwsam/ws_moveit/install/moveit_setup_app_plugins:/home/chengwsam/ws_moveit/install/moveit_setup_framework:/home/chengwsam/ws_moveit/install/moveit_servo:/home/chengwsam/ws_moveit/install/moveit_ros_trajectory_cache:/home/chengwsam/ws_moveit/install/moveit_ros:/home/chengwsam/ws_moveit/install/moveit_ros_visualization:/home/chengwsam/ws_moveit/install/moveit_py:/home/chengwsam/ws_moveit/install/moveit_hybrid_planning:/home/chengwsam/ws_moveit/install/moveit_ros_planning_interface:/home/chengwsam/ws_moveit/install/moveit_ros_benchmarks:/home/chengwsam/ws_moveit/install/moveit_ros_warehouse:/home/chengwsam/ws_moveit/install/moveit_ros_robot_interaction:/home/chengwsam/ws_moveit/install/moveit_ros_perception:/home/chengwsam/ws_moveit/install/moveit_resources_prbt_pg70_support:/home/chengwsam/ws_moveit/install/moveit_resources_prbt_moveit_config:/home/chengwsam/ws_moveit/install/moveit_ros_move_group:/home/chengwsam/ws_moveit/install/moveit_planners_ompl:/home/chengwsam/ws_moveit/install/moveit_kinematics:/home/chengwsam/ws_moveit/install/moveit_ros_planning:/home/chengwsam/ws_moveit/install/moveit_ros_occupancy_map_monitor:/home/chengwsam/ws_moveit/install/moveit_resources_prbt_support:/home/chengwsam/ws_moveit/install/moveit_resources_prbt_ikfast_manipulator_plugin:/home/chengwsam/ws_moveit/install/moveit_resources:/home/chengwsam/ws_moveit/install/moveit_resources_pr2_description:/home/chengwsam/ws_moveit/install/moveit_resources_panda_moveit_config:/home/chengwsam/ws_moveit/install/dual_arm_panda_moveit_config:/home/chengwsam/ws_moveit/install/moveit_resources_panda_description:/home/chengwsam/ws_moveit/install/moveit_resources_fanuc_moveit_config:/home/chengwsam/ws_moveit/install/moveit_resources_fanuc_description:/home/chengwsam/ws_moveit/install/moveit_planners_stomp:/home/chengwsam/ws_moveit/install/moveit_planners_chomp:/home/chengwsam/ws_moveit/install/chomp_motion_planner:/home/chengwsam/ws_moveit/install/moveit_core:/home/chengwsam/ws_moveit/install/moveit_msgs:/home/chengwsam/ws_moveit/install/moveit_common:/home/chengwsam/ws_moveit/install/kortex_driver:/home/chengwsam/ws_moveit/install/kortex_api:/home/chengwsam/ws_moveit/install/apriltag_msgs:/home/chengwsam/ros2_ws/install/koch_simulation:/home/chengwsam/ros2_ws/install/koch_ros2_wrapper:/home/chengwsam/ros2_ws/install/hand_teleop_demo:/home/chengwsam/ws_moveit/install/moveit_configs_utils:/opt/ros/humble LD_LIBRARY_PATH=/home/chengwsam/ros2_ws/src/install/topic_tools_interfaces/lib:${LD_LIBRARY_PATH} PYTHONPATH=/home/chengwsam/ros2_ws/src/install/topic_tools_interfaces/local/lib/python3.10/dist-packages:${PYTHONPATH} /usr/bin/cmake --build /home/chengwsam/ros2_ws/src/build/topic_tools -- -j20 -l20
[1.355s] [  2%] [32mBuilding CXX object gtest/CMakeFiles/gtest_main.dir/src/gtest_main.cc.o[0m
[1.355s] [  5%] [32mBuilding CXX object CMakeFiles/relay_node.dir/src/relay_node.cpp.o[0m
[1.355s] [  8%] [32mBuilding CXX object CMakeFiles/relay_node.dir/src/tool_base_node.cpp.o[0m
[1.358s] [ 10%] [32mBuilding CXX object gtest/CMakeFiles/gtest.dir/src/gtest-all.cc.o[0m
[1.364s] [ 10%] Built target ament_cmake_python_symlink_topic_tools
[1.365s] [ 10%] Built target ament_cmake_python_symlink_topic_tools_setup
[1.531s] running install_scripts
[1.532s] /usr/lib/python3/dist-packages/setuptools/command/install.py:34: SetuptoolsDeprecationWarning: setup.py install is deprecated. Use build and pip and other standards-based tools.
[1.532s]   warnings.warn(
[1.545s] running egg_info
[1.545s] creating topic_tools.egg-info
[1.546s] writing topic_tools.egg-info/PKG-INFO
[1.546s] writing dependency_links to topic_tools.egg-info/dependency_links.txt
[1.546s] writing entry points to topic_tools.egg-info/entry_points.txt
[1.546s] writing top-level names to topic_tools.egg-info/top_level.txt
[1.546s] writing manifest file 'topic_tools.egg-info/SOURCES.txt'
[1.547s] running egg_info
[1.547s] reading manifest file 'topic_tools.egg-info/SOURCES.txt'
[1.548s] writing manifest file 'topic_tools.egg-info/SOURCES.txt'
[1.548s] writing topic_tools.egg-info/PKG-INFO
[1.548s] writing dependency_links to topic_tools.egg-info/dependency_links.txt
[1.548s] writing entry points to topic_tools.egg-info/entry_points.txt
[1.548s] writing top-level names to topic_tools.egg-info/top_level.txt
[1.549s] reading manifest file 'topic_tools.egg-info/SOURCES.txt'
[1.550s] writing manifest file 'topic_tools.egg-info/SOURCES.txt'
[1.550s] Installing relay_field script to scripts
[1.551s] Installing transform script to scripts
[1.570s] [ 10%] Built target ament_cmake_python_build_topic_tools_egg
[1.578s] [ 10%] Built target ament_cmake_python_build_topic_tools_scripts
[1.865s] [ 13%] [32m[1mLinking CXX static library libgtest_main.a[0m
[2.027s] [ 13%] Built target gtest_main
[3.226s] [ 16%] [32m[1mLinking CXX static library libgtest.a[0m
[3.290s] [ 16%] Built target gtest
[3.851s] [ 18%] [32m[1mLinking CXX shared library librelay_node.so[0m
[3.984s] [ 18%] Built target relay_node
[4.005s] [ 21%] [32mBuilding CXX object CMakeFiles/throttle_node.dir/src/throttle_node.cpp.o[0m
[4.006s] [ 24%] [32mBuilding CXX object CMakeFiles/throttle_node.dir/src/tool_base_node.cpp.o[0m
[4.007s] [ 27%] [32mBuilding CXX object CMakeFiles/test_relay.dir/test/test_relay.cpp.o[0m
[4.008s] [ 29%] [32mBuilding CXX object CMakeFiles/relay.dir/src/relay.cpp.o[0m
[5.994s] [ 32%] [32m[1mLinking CXX executable relay[0m
[6.219s] [ 32%] Built target relay
[7.930s] [ 35%] [32m[1mLinking CXX shared library libthrottle_node.so[0m
[8.232s] [ 35%] Built target throttle_node
[8.276s] [ 37%] [32mBuilding CXX object CMakeFiles/drop_node.dir/src/drop_node.cpp.o[0m
[8.293s] [ 40%] [32mBuilding CXX object CMakeFiles/test_throttle.dir/test/test_throttle.cpp.o[0m
[8.296s] [ 43%] [32mBuilding CXX object CMakeFiles/drop_node.dir/src/tool_base_node.cpp.o[0m
[8.305s] [ 45%] [32mBuilding CXX object CMakeFiles/throttle.dir/src/throttle.cpp.o[0m
[12.295s] [ 48%] [32m[1mLinking CXX executable throttle[0m
[12.518s] [ 48%] Built target throttle
[13.464s] [ 51%] [32m[1mLinking CXX executable test_relay[0m
[13.518s] [ 54%] [32m[1mLinking CXX shared library libdrop_node.so[0m
[13.807s] [ 54%] Built target drop_node
[13.841s] [ 64%] [32mBuilding CXX object CMakeFiles/mux_node.dir/src/tool_base_node.cpp.o[0m
[13.842s] [ 64%] [32mBuilding CXX object CMakeFiles/mux_node.dir/src/mux_node.cpp.o[0m
[13.842s] [ 64%] [32mBuilding CXX object CMakeFiles/test_drop.dir/test/test_drop.cpp.o[0m
[13.842s] [ 64%] [32mBuilding CXX object CMakeFiles/drop.dir/src/drop.cpp.o[0m
[13.925s] [ 64%] Built target test_relay
[17.115s] [ 67%] [32m[1mLinking CXX executable drop[0m
[17.277s] [ 67%] Built target drop
[18.377s] [ 70%] [32m[1mLinking CXX executable test_throttle[0m
[18.656s] [ 72%] [32m[1mLinking CXX shared library libmux_node.so[0m
[18.715s] [ 72%] Built target test_throttle
[18.879s] [ 72%] Built target mux_node
[18.904s] [ 75%] [32mBuilding CXX object CMakeFiles/mux.dir/src/mux.cpp.o[0m
[18.905s] [ 78%] [32mBuilding CXX object CMakeFiles/delay_node.dir/src/delay_node.cpp.o[0m
[18.906s] [ 83%] [32mBuilding CXX object CMakeFiles/test_mux.dir/test/test_mux.cpp.o[0m
[18.906s] [ 83%] [32mBuilding CXX object CMakeFiles/delay_node.dir/src/tool_base_node.cpp.o[0m
[20.096s] [ 86%] [32m[1mLinking CXX executable test_drop[0m
[20.434s] [ 86%] Built target test_drop
[20.727s] [ 89%] [32m[1mLinking CXX executable mux[0m
[20.854s] [ 89%] Built target mux
[21.466s] [ 91%] [32m[1mLinking CXX shared library libdelay_node.so[0m
[21.605s] [ 91%] Built target delay_node
[21.629s] [ 94%] [32mBuilding CXX object CMakeFiles/delay.dir/src/delay.cpp.o[0m
[23.130s] [ 97%] [32m[1mLinking CXX executable delay[0m
[23.235s] [ 97%] Built target delay
[24.516s] [100%] [32m[1mLinking CXX executable test_mux[0m
[24.829s] [100%] Built target test_mux
[24.838s] Invoked command in '/home/chengwsam/ros2_ws/src/build/topic_tools' returned '0': AMENT_PREFIX_PATH=/home/chengwsam/ros2_ws/src/install/topic_tools_interfaces:${AMENT_PREFIX_PATH} CMAKE_PREFIX_PATH=/home/chengwsam/ros2_ws/src/install/topic_tools_interfaces:/home/chengwsam/ros2_ws/install/topic_tools:/home/chengwsam/ros2_ws/install/topic_tools_interfaces:/home/chengwsam/ros2_ws/install/realsense2_description:/home/chengwsam/ros2_ws/install/realsense2_camera:/home/chengwsam/ros2_ws/install/realsense2_camera_msgs:/home/chengwsam/ros2_ws/install/koch_moveit_config:/home/chengwsam/ws_moveit/install/robotiq_hardware_tests:/home/chengwsam/ws_moveit/install/robotiq_driver:/home/chengwsam/ws_moveit/install/serial:/home/chengwsam/ws_moveit/install/moveit2_tutorials:/home/chengwsam/ws_moveit/install/moveit_visual_tools:/home/chengwsam/ws_moveit/install/rviz_visual_tools:/home/chengwsam/ws_moveit/install/moveit_task_constructor_visualization:/home/chengwsam/ws_moveit/install/moveit_task_constructor_demo:/home/chengwsam/ws_moveit/install/moveit_task_constructor_capabilities:/home/chengwsam/ws_moveit/install/moveit_task_constructor_core:/home/chengwsam/ws_moveit/install/rviz_marker_tools:/home/chengwsam/ws_moveit/install/kortex_bringup:/home/chengwsam/ws_moveit/install/kinova_gen3_lite_moveit_config:/home/chengwsam/ws_moveit/install/kinova_gen3_7dof_robotiq_2f_85_moveit_config:/home/chengwsam/ws_moveit/install/kinova_gen3_6dof_robotiq_2f_85_moveit_config:/home/chengwsam/ws_moveit/install/kortex_description:/home/chengwsam/ws_moveit/install/robotiq_description:/home/chengwsam/ws_moveit/install/robotiq_controllers:/home/chengwsam/ws_moveit/install/pilz_industrial_motion_planner_testutils:/home/chengwsam/ws_moveit/install/moveit_runtime:/home/chengwsam/ws_moveit/install/moveit:/home/chengwsam/ws_moveit/install/moveit_planners:/home/chengwsam/ws_moveit/install/pilz_industrial_motion_planner:/home/chengwsam/ws_moveit/install/moveit_task_constructor_msgs:/home/chengwsam/ws_moveit/install/moveit_ros_control_interface:/home/chengwsam/ws_moveit/install/moveit_plugins:/home/chengwsam/ws_moveit/install/moveit_simple_controller_manager:/home/chengwsam/ws_moveit/install/moveit_setup_assistant:/home/chengwsam/ws_moveit/install/moveit_setup_srdf_plugins:/home/chengwsam/ws_moveit/install/moveit_setup_core_plugins:/home/chengwsam/ws_moveit/install/moveit_setup_controllers:/home/chengwsam/ws_moveit/install/moveit_setup_app_plugins:/home/chengwsam/ws_moveit/install/moveit_setup_framework:/home/chengwsam/ws_moveit/install/moveit_servo:/home/chengwsam/ws_moveit/install/moveit_ros_trajectory_cache:/home/chengwsam/ws_moveit/install/moveit_ros:/home/chengwsam/ws_moveit/install/moveit_ros_visualization:/home/chengwsam/ws_moveit/install/moveit_py:/home/chengwsam/ws_moveit/install/moveit_hybrid_planning:/home/chengwsam/ws_moveit/install/moveit_ros_planning_interface:/home/chengwsam/ws_moveit/install/moveit_ros_benchmarks:/home/chengwsam/ws_moveit/install/moveit_ros_warehouse:/home/chengwsam/ws_moveit/install/moveit_ros_robot_interaction:/home/chengwsam/ws_moveit/install/moveit_ros_perception:/home/chengwsam/ws_moveit/install/moveit_resources_prbt_pg70_support:/home/chengwsam/ws_moveit/install/moveit_resources_prbt_moveit_config:/home/chengwsam/ws_moveit/install/moveit_ros_move_group:/home/chengwsam/ws_moveit/install/moveit_planners_ompl:/home/chengwsam/ws_moveit/install/moveit_kinematics:/home/chengwsam/ws_moveit/install/moveit_ros_planning:/home/chengwsam/ws_moveit/install/moveit_ros_occupancy_map_monitor:/home/chengwsam/ws_moveit/install/moveit_resources_prbt_support:/home/chengwsam/ws_moveit/install/moveit_resources_prbt_ikfast_manipulator_plugin:/home/chengwsam/ws_moveit/install/moveit_resources:/home/chengwsam/ws_moveit/install/moveit_resources_pr2_description:/home/chengwsam/ws_moveit/install/moveit_resources_panda_moveit_config:/home/chengwsam/ws_moveit/install/dual_arm_panda_moveit_config:/home/chengwsam/ws_moveit/install/moveit_resources_panda_description:/home/chengwsam/ws_moveit/install/moveit_resources_fanuc_moveit_config:/home/chengwsam/ws_moveit/install/moveit_resources_fanuc_description:/home/chengwsam/ws_moveit/install/moveit_planners_stomp:/home/chengwsam/ws_moveit/install/moveit_planners_chomp:/home/chengwsam/ws_moveit/install/chomp_motion_planner:/home/chengwsam/ws_moveit/install/moveit_core:/home/chengwsam/ws_moveit/install/moveit_msgs:/home/chengwsam/ws_moveit/install/moveit_common:/home/chengwsam/ws_moveit/install/kortex_driver:/home/chengwsam/ws_moveit/install/kortex_api:/home/chengwsam/ws_moveit/install/apriltag_msgs:/home/chengwsam/ros2_ws/install/koch_simulation:/home/chengwsam/ros2_ws/install/koch_ros2_wrapper:/home/chengwsam/ros2_ws/install/hand_teleop_demo:/home/chengwsam/ws_moveit/install/moveit_configs_utils:/opt/ros/humble LD_LIBRARY_PATH=/home/chengwsam/ros2_ws/src/install/topic_tools_interfaces/lib:${LD_LIBRARY_PATH} PYTHONPATH=/home/chengwsam/ros2_ws/src/install/topic_tools_interfaces/local/lib/python3.10/dist-packages:${PYTHONPATH} /usr/bin/cmake --build /home/chengwsam/ros2_ws/src/build/topic_tools -- -j20 -l20
[24.839s] Invoking command in '/home/chengwsam/ros2_ws/src/build/topic_tools': AMENT_PREFIX_PATH=/home/chengwsam/ros2_ws/src/install/topic_tools_interfaces:${AMENT_PREFIX_PATH} CMAKE_PREFIX_PATH=/home/chengwsam/ros2_ws/src/install/topic_tools_interfaces:/home/chengwsam/ros2_ws/install/topic_tools:/home/chengwsam/ros2_ws/install/topic_tools_interfaces:/home/chengwsam/ros2_ws/install/realsense2_description:/home/chengwsam/ros2_ws/install/realsense2_camera:/home/chengwsam/ros2_ws/install/realsense2_camera_msgs:/home/chengwsam/ros2_ws/install/koch_moveit_config:/home/chengwsam/ws_moveit/install/robotiq_hardware_tests:/home/chengwsam/ws_moveit/install/robotiq_driver:/home/chengwsam/ws_moveit/install/serial:/home/chengwsam/ws_moveit/install/moveit2_tutorials:/home/chengwsam/ws_moveit/install/moveit_visual_tools:/home/chengwsam/ws_moveit/install/rviz_visual_tools:/home/chengwsam/ws_moveit/install/moveit_task_constructor_visualization:/home/chengwsam/ws_moveit/install/moveit_task_constructor_demo:/home/chengwsam/ws_moveit/install/moveit_task_constructor_capabilities:/home/chengwsam/ws_moveit/install/moveit_task_constructor_core:/home/chengwsam/ws_moveit/install/rviz_marker_tools:/home/chengwsam/ws_moveit/install/kortex_bringup:/home/chengwsam/ws_moveit/install/kinova_gen3_lite_moveit_config:/home/chengwsam/ws_moveit/install/kinova_gen3_7dof_robotiq_2f_85_moveit_config:/home/chengwsam/ws_moveit/install/kinova_gen3_6dof_robotiq_2f_85_moveit_config:/home/chengwsam/ws_moveit/install/kortex_description:/home/chengwsam/ws_moveit/install/robotiq_description:/home/chengwsam/ws_moveit/install/robotiq_controllers:/home/chengwsam/ws_moveit/install/pilz_industrial_motion_planner_testutils:/home/chengwsam/ws_moveit/install/moveit_runtime:/home/chengwsam/ws_moveit/install/moveit:/home/chengwsam/ws_moveit/install/moveit_planners:/home/chengwsam/ws_moveit/install/pilz_industrial_motion_planner:/home/chengwsam/ws_moveit/install/moveit_task_constructor_msgs:/home/chengwsam/ws_moveit/install/moveit_ros_control_interface:/home/chengwsam/ws_moveit/install/moveit_plugins:/home/chengwsam/ws_moveit/install/moveit_simple_controller_manager:/home/chengwsam/ws_moveit/install/moveit_setup_assistant:/home/chengwsam/ws_moveit/install/moveit_setup_srdf_plugins:/home/chengwsam/ws_moveit/install/moveit_setup_core_plugins:/home/chengwsam/ws_moveit/install/moveit_setup_controllers:/home/chengwsam/ws_moveit/install/moveit_setup_app_plugins:/home/chengwsam/ws_moveit/install/moveit_setup_framework:/home/chengwsam/ws_moveit/install/moveit_servo:/home/chengwsam/ws_moveit/install/moveit_ros_trajectory_cache:/home/chengwsam/ws_moveit/install/moveit_ros:/home/chengwsam/ws_moveit/install/moveit_ros_visualization:/home/chengwsam/ws_moveit/install/moveit_py:/home/chengwsam/ws_moveit/install/moveit_hybrid_planning:/home/chengwsam/ws_moveit/install/moveit_ros_planning_interface:/home/chengwsam/ws_moveit/install/moveit_ros_benchmarks:/home/chengwsam/ws_moveit/install/moveit_ros_warehouse:/home/chengwsam/ws_moveit/install/moveit_ros_robot_interaction:/home/chengwsam/ws_moveit/install/moveit_ros_perception:/home/chengwsam/ws_moveit/install/moveit_resources_prbt_pg70_support:/home/chengwsam/ws_moveit/install/moveit_resources_prbt_moveit_config:/home/chengwsam/ws_moveit/install/moveit_ros_move_group:/home/chengwsam/ws_moveit/install/moveit_planners_ompl:/home/chengwsam/ws_moveit/install/moveit_kinematics:/home/chengwsam/ws_moveit/install/moveit_ros_planning:/home/chengwsam/ws_moveit/install/moveit_ros_occupancy_map_monitor:/home/chengwsam/ws_moveit/install/moveit_resources_prbt_support:/home/chengwsam/ws_moveit/install/moveit_resources_prbt_ikfast_manipulator_plugin:/home/chengwsam/ws_moveit/install/moveit_resources:/home/chengwsam/ws_moveit/install/moveit_resources_pr2_description:/home/chengwsam/ws_moveit/install/moveit_resources_panda_moveit_config:/home/chengwsam/ws_moveit/install/dual_arm_panda_moveit_config:/home/chengwsam/ws_moveit/install/moveit_resources_panda_description:/home/chengwsam/ws_moveit/install/moveit_resources_fanuc_moveit_config:/home/chengwsam/ws_moveit/install/moveit_resources_fanuc_description:/home/chengwsam/ws_moveit/install/moveit_planners_stomp:/home/chengwsam/ws_moveit/install/moveit_planners_chomp:/home/chengwsam/ws_moveit/install/chomp_motion_planner:/home/chengwsam/ws_moveit/install/moveit_core:/home/chengwsam/ws_moveit/install/moveit_msgs:/home/chengwsam/ws_moveit/install/moveit_common:/home/chengwsam/ws_moveit/install/kortex_driver:/home/chengwsam/ws_moveit/install/kortex_api:/home/chengwsam/ws_moveit/install/apriltag_msgs:/home/chengwsam/ros2_ws/install/koch_simulation:/home/chengwsam/ros2_ws/install/koch_ros2_wrapper:/home/chengwsam/ros2_ws/install/hand_teleop_demo:/home/chengwsam/ws_moveit/install/moveit_configs_utils:/opt/ros/humble LD_LIBRARY_PATH=/home/chengwsam/ros2_ws/src/install/topic_tools_interfaces/lib:${LD_LIBRARY_PATH} PYTHONPATH=/home/chengwsam/ros2_ws/src/install/topic_tools_interfaces/local/lib/python3.10/dist-packages:${PYTHONPATH} /usr/bin/cmake --install /home/chengwsam/ros2_ws/src/build/topic_tools
[24.845s] -- Install configuration: ""
[24.845s] -- Execute custom install script
[24.845s] -- Symlinking: /home/chengwsam/ros2_ws/src/install/topic_tools/share/topic_tools/environment/pythonpath.sh
[24.854s] -- Symlinking: /home/chengwsam/ros2_ws/src/install/topic_tools/share/topic_tools/environment/pythonpath.dsv
[24.863s] -- Symlinking: /home/chengwsam/ros2_ws/src/install/topic_tools/local/lib/python3.10/dist-packages/topic_tools-1.1.1-py3.10.egg-info/PKG-INFO
[24.870s] -- Symlinking: /home/chengwsam/ros2_ws/src/install/topic_tools/local/lib/python3.10/dist-packages/topic_tools-1.1.1-py3.10.egg-info/SOURCES.txt
[24.877s] -- Symlinking: /home/chengwsam/ros2_ws/src/install/topic_tools/local/lib/python3.10/dist-packages/topic_tools-1.1.1-py3.10.egg-info/dependency_links.txt
[24.884s] -- Symlinking: /home/chengwsam/ros2_ws/src/install/topic_tools/local/lib/python3.10/dist-packages/topic_tools-1.1.1-py3.10.egg-info/entry_points.txt
[24.891s] -- Symlinking: /home/chengwsam/ros2_ws/src/install/topic_tools/local/lib/python3.10/dist-packages/topic_tools-1.1.1-py3.10.egg-info/top_level.txt
[24.899s] -- Symlinking: /home/chengwsam/ros2_ws/src/install/topic_tools/lib/topic_tools//relay_field
[24.905s] -- Symlinking: /home/chengwsam/ros2_ws/src/install/topic_tools/lib/topic_tools//transform
[24.912s] -- Symlinking: /home/chengwsam/ros2_ws/src/install/topic_tools/local/lib/python3.10/dist-packages/topic_tools/__init__.py
[24.919s] -- Symlinking: /home/chengwsam/ros2_ws/src/install/topic_tools/local/lib/python3.10/dist-packages/topic_tools/relay_field.py
[24.927s] -- Symlinking: /home/chengwsam/ros2_ws/src/install/topic_tools/local/lib/python3.10/dist-packages/topic_tools/setup.cfg
[24.933s] -- Symlinking: /home/chengwsam/ros2_ws/src/install/topic_tools/local/lib/python3.10/dist-packages/topic_tools/transform.py
[24.939s] -- Symlinking: /home/chengwsam/ros2_ws/src/install/topic_tools/include/topic_tools/delay_node.hpp
[24.946s] -- Symlinking: /home/chengwsam/ros2_ws/src/install/topic_tools/include/topic_tools/drop_node.hpp
[24.953s] -- Symlinking: /home/chengwsam/ros2_ws/src/install/topic_tools/include/topic_tools/mux_node.hpp
[24.959s] -- Symlinking: /home/chengwsam/ros2_ws/src/install/topic_tools/include/topic_tools/relay_node.hpp
[24.966s] -- Symlinking: /home/chengwsam/ros2_ws/src/install/topic_tools/include/topic_tools/throttle_node.hpp
[24.973s] -- Symlinking: /home/chengwsam/ros2_ws/src/install/topic_tools/include/topic_tools/tool_base_node.hpp
[24.979s] -- Symlinking: /home/chengwsam/ros2_ws/src/install/topic_tools/include/topic_tools/visibility_control.h
[24.986s] -- Symlinking: /home/chengwsam/ros2_ws/src/install/topic_tools/share/topic_tools/environment/library_path.sh
[24.994s] -- Symlinking: /home/chengwsam/ros2_ws/src/install/topic_tools/share/topic_tools/environment/library_path.dsv
[25.000s] -- Symlinking: /home/chengwsam/ros2_ws/src/install/topic_tools/lib/librelay_node.so
[25.006s] -- Symlinking: /home/chengwsam/ros2_ws/src/install/topic_tools/lib/libthrottle_node.so
[25.013s] -- Symlinking: /home/chengwsam/ros2_ws/src/install/topic_tools/lib/libdrop_node.so
[25.019s] -- Symlinking: /home/chengwsam/ros2_ws/src/install/topic_tools/lib/libmux_node.so
[25.026s] -- Symlinking: /home/chengwsam/ros2_ws/src/install/topic_tools/lib/libdelay_node.so
[25.033s] -- Symlinking: /home/chengwsam/ros2_ws/src/install/topic_tools/lib/topic_tools/relay
[25.039s] -- Symlinking: /home/chengwsam/ros2_ws/src/install/topic_tools/lib/topic_tools/throttle
[25.046s] -- Symlinking: /home/chengwsam/ros2_ws/src/install/topic_tools/lib/topic_tools/drop
[25.053s] -- Symlinking: /home/chengwsam/ros2_ws/src/install/topic_tools/lib/topic_tools/mux
[25.061s] -- Symlinking: /home/chengwsam/ros2_ws/src/install/topic_tools/lib/topic_tools/delay
[25.069s] -- Symlinking: /home/chengwsam/ros2_ws/src/install/topic_tools/share/topic_tools/launch/relay.launch
[25.075s] -- Symlinking: /home/chengwsam/ros2_ws/src/install/topic_tools/share/ament_index/resource_index/package_run_dependencies/topic_tools
[25.082s] -- Symlinking: /home/chengwsam/ros2_ws/src/install/topic_tools/share/ament_index/resource_index/parent_prefix_path/topic_tools
[25.087s] -- Symlinking: /home/chengwsam/ros2_ws/src/install/topic_tools/share/topic_tools/environment/ament_prefix_path.sh
[25.095s] -- Symlinking: /home/chengwsam/ros2_ws/src/install/topic_tools/share/topic_tools/environment/ament_prefix_path.dsv
[25.101s] -- Symlinking: /home/chengwsam/ros2_ws/src/install/topic_tools/share/topic_tools/environment/path.sh
[25.108s] -- Symlinking: /home/chengwsam/ros2_ws/src/install/topic_tools/share/topic_tools/environment/path.dsv
[25.114s] -- Symlinking: /home/chengwsam/ros2_ws/src/install/topic_tools/share/topic_tools/local_setup.bash
[25.122s] -- Symlinking: /home/chengwsam/ros2_ws/src/install/topic_tools/share/topic_tools/local_setup.sh
[25.128s] -- Symlinking: /home/chengwsam/ros2_ws/src/install/topic_tools/share/topic_tools/local_setup.zsh
[25.135s] -- Symlinking: /home/chengwsam/ros2_ws/src/install/topic_tools/share/topic_tools/local_setup.dsv
[25.142s] -- Symlinking: /home/chengwsam/ros2_ws/src/install/topic_tools/share/topic_tools/package.dsv
[25.149s] -- Symlinking: /home/chengwsam/ros2_ws/src/install/topic_tools/share/ament_index/resource_index/packages/topic_tools
[25.155s] -- Symlinking: /home/chengwsam/ros2_ws/src/install/topic_tools/share/ament_index/resource_index/rclcpp_components/topic_tools
[25.164s] -- Symlinking: /home/chengwsam/ros2_ws/src/install/topic_tools/share/topic_tools/cmake/ament_cmake_export_dependencies-extras.cmake
[25.171s] -- Symlinking: /home/chengwsam/ros2_ws/src/install/topic_tools/share/topic_tools/cmake/ament_cmake_export_include_directories-extras.cmake
[25.178s] -- Symlinking: /home/chengwsam/ros2_ws/src/install/topic_tools/share/topic_tools/cmake/ament_cmake_export_libraries-extras.cmake
[25.185s] -- Symlinking: /home/chengwsam/ros2_ws/src/install/topic_tools/share/topic_tools/cmake/topic_toolsConfig.cmake
[25.194s] -- Symlinking: /home/chengwsam/ros2_ws/src/install/topic_tools/share/topic_tools/cmake/topic_toolsConfig-version.cmake
[25.201s] -- Symlinking: /home/chengwsam/ros2_ws/src/install/topic_tools/share/topic_tools/package.xml
[25.242s] Listing '/home/chengwsam/ros2_ws/src/install/topic_tools/local/lib/python3.10/dist-packages/topic_tools'...
[25.242s] Compiling '/home/chengwsam/ros2_ws/src/install/topic_tools/local/lib/python3.10/dist-packages/topic_tools/__init__.py'...
[25.242s] Compiling '/home/chengwsam/ros2_ws/src/install/topic_tools/local/lib/python3.10/dist-packages/topic_tools/relay_field.py'...
[25.242s] Compiling '/home/chengwsam/ros2_ws/src/install/topic_tools/local/lib/python3.10/dist-packages/topic_tools/transform.py'...
[25.246s] Invoked command in '/home/chengwsam/ros2_ws/src/build/topic_tools' returned '0': AMENT_PREFIX_PATH=/home/chengwsam/ros2_ws/src/install/topic_tools_interfaces:${AMENT_PREFIX_PATH} CMAKE_PREFIX_PATH=/home/chengwsam/ros2_ws/src/install/topic_tools_interfaces:/home/chengwsam/ros2_ws/install/topic_tools:/home/chengwsam/ros2_ws/install/topic_tools_interfaces:/home/chengwsam/ros2_ws/install/realsense2_description:/home/chengwsam/ros2_ws/install/realsense2_camera:/home/chengwsam/ros2_ws/install/realsense2_camera_msgs:/home/chengwsam/ros2_ws/install/koch_moveit_config:/home/chengwsam/ws_moveit/install/robotiq_hardware_tests:/home/chengwsam/ws_moveit/install/robotiq_driver:/home/chengwsam/ws_moveit/install/serial:/home/chengwsam/ws_moveit/install/moveit2_tutorials:/home/chengwsam/ws_moveit/install/moveit_visual_tools:/home/chengwsam/ws_moveit/install/rviz_visual_tools:/home/chengwsam/ws_moveit/install/moveit_task_constructor_visualization:/home/chengwsam/ws_moveit/install/moveit_task_constructor_demo:/home/chengwsam/ws_moveit/install/moveit_task_constructor_capabilities:/home/chengwsam/ws_moveit/install/moveit_task_constructor_core:/home/chengwsam/ws_moveit/install/rviz_marker_tools:/home/chengwsam/ws_moveit/install/kortex_bringup:/home/chengwsam/ws_moveit/install/kinova_gen3_lite_moveit_config:/home/chengwsam/ws_moveit/install/kinova_gen3_7dof_robotiq_2f_85_moveit_config:/home/chengwsam/ws_moveit/install/kinova_gen3_6dof_robotiq_2f_85_moveit_config:/home/chengwsam/ws_moveit/install/kortex_description:/home/chengwsam/ws_moveit/install/robotiq_description:/home/chengwsam/ws_moveit/install/robotiq_controllers:/home/chengwsam/ws_moveit/install/pilz_industrial_motion_planner_testutils:/home/chengwsam/ws_moveit/install/moveit_runtime:/home/chengwsam/ws_moveit/install/moveit:/home/chengwsam/ws_moveit/install/moveit_planners:/home/chengwsam/ws_moveit/install/pilz_industrial_motion_planner:/home/chengwsam/ws_moveit/install/moveit_task_constructor_msgs:/home/chengwsam/ws_moveit/install/moveit_ros_control_interface:/home/chengwsam/ws_moveit/install/moveit_plugins:/home/chengwsam/ws_moveit/install/moveit_simple_controller_manager:/home/chengwsam/ws_moveit/install/moveit_setup_assistant:/home/chengwsam/ws_moveit/install/moveit_setup_srdf_plugins:/home/chengwsam/ws_moveit/install/moveit_setup_core_plugins:/home/chengwsam/ws_moveit/install/moveit_setup_controllers:/home/chengwsam/ws_moveit/install/moveit_setup_app_plugins:/home/chengwsam/ws_moveit/install/moveit_setup_framework:/home/chengwsam/ws_moveit/install/moveit_servo:/home/chengwsam/ws_moveit/install/moveit_ros_trajectory_cache:/home/chengwsam/ws_moveit/install/moveit_ros:/home/chengwsam/ws_moveit/install/moveit_ros_visualization:/home/chengwsam/ws_moveit/install/moveit_py:/home/chengwsam/ws_moveit/install/moveit_hybrid_planning:/home/chengwsam/ws_moveit/install/moveit_ros_planning_interface:/home/chengwsam/ws_moveit/install/moveit_ros_benchmarks:/home/chengwsam/ws_moveit/install/moveit_ros_warehouse:/home/chengwsam/ws_moveit/install/moveit_ros_robot_interaction:/home/chengwsam/ws_moveit/install/moveit_ros_perception:/home/chengwsam/ws_moveit/install/moveit_resources_prbt_pg70_support:/home/chengwsam/ws_moveit/install/moveit_resources_prbt_moveit_config:/home/chengwsam/ws_moveit/install/moveit_ros_move_group:/home/chengwsam/ws_moveit/install/moveit_planners_ompl:/home/chengwsam/ws_moveit/install/moveit_kinematics:/home/chengwsam/ws_moveit/install/moveit_ros_planning:/home/chengwsam/ws_moveit/install/moveit_ros_occupancy_map_monitor:/home/chengwsam/ws_moveit/install/moveit_resources_prbt_support:/home/chengwsam/ws_moveit/install/moveit_resources_prbt_ikfast_manipulator_plugin:/home/chengwsam/ws_moveit/install/moveit_resources:/home/chengwsam/ws_moveit/install/moveit_resources_pr2_description:/home/chengwsam/ws_moveit/install/moveit_resources_panda_moveit_config:/home/chengwsam/ws_moveit/install/dual_arm_panda_moveit_config:/home/chengwsam/ws_moveit/install/moveit_resources_panda_description:/home/chengwsam/ws_moveit/install/moveit_resources_fanuc_moveit_config:/home/chengwsam/ws_moveit/install/moveit_resources_fanuc_description:/home/chengwsam/ws_moveit/install/moveit_planners_stomp:/home/chengwsam/ws_moveit/install/moveit_planners_chomp:/home/chengwsam/ws_moveit/install/chomp_motion_planner:/home/chengwsam/ws_moveit/install/moveit_core:/home/chengwsam/ws_moveit/install/moveit_msgs:/home/chengwsam/ws_moveit/install/moveit_common:/home/chengwsam/ws_moveit/install/kortex_driver:/home/chengwsam/ws_moveit/install/kortex_api:/home/chengwsam/ws_moveit/install/apriltag_msgs:/home/chengwsam/ros2_ws/install/koch_simulation:/home/chengwsam/ros2_ws/install/koch_ros2_wrapper:/home/chengwsam/ros2_ws/install/hand_teleop_demo:/home/chengwsam/ws_moveit/install/moveit_configs_utils:/opt/ros/humble LD_LIBRARY_PATH=/home/chengwsam/ros2_ws/src/install/topic_tools_interfaces/lib:${LD_LIBRARY_PATH} PYTHONPATH=/home/chengwsam/ros2_ws/src/install/topic_tools_interfaces/local/lib/python3.10/dist-packages:${PYTHONPATH} /usr/bin/cmake --install /home/chengwsam/ros2_ws/src/build/topic_tools
