[0.014s] Invoking command in '/home/chengwsam/ros2_ws/src/build/realsense2_camera': AMENT_PREFIX_PATH=/home/chengwsam/ros2_ws/src/install/realsense2_camera_msgs:${AMENT_PREFIX_PATH} CMAKE_PREFIX_PATH=/home/chengwsam/ros2_ws/src/install/realsense2_camera_msgs:/home/chengwsam/ros2_ws/install/topic_tools:/home/chengwsam/ros2_ws/install/topic_tools_interfaces:/home/chengwsam/ros2_ws/install/realsense2_description:/home/chengwsam/ros2_ws/install/realsense2_camera:/home/chengwsam/ros2_ws/install/realsense2_camera_msgs:/home/chengwsam/ros2_ws/install/koch_moveit_config:/home/chengwsam/ws_moveit/install/robotiq_hardware_tests:/home/chengwsam/ws_moveit/install/robotiq_driver:/home/chengwsam/ws_moveit/install/serial:/home/chengwsam/ws_moveit/install/moveit2_tutorials:/home/chengwsam/ws_moveit/install/moveit_visual_tools:/home/chengwsam/ws_moveit/install/rviz_visual_tools:/home/chengwsam/ws_moveit/install/moveit_task_constructor_visualization:/home/chengwsam/ws_moveit/install/moveit_task_constructor_demo:/home/chengwsam/ws_moveit/install/moveit_task_constructor_capabilities:/home/chengwsam/ws_moveit/install/moveit_task_constructor_core:/home/chengwsam/ws_moveit/install/rviz_marker_tools:/home/chengwsam/ws_moveit/install/kortex_bringup:/home/chengwsam/ws_moveit/install/kinova_gen3_lite_moveit_config:/home/chengwsam/ws_moveit/install/kinova_gen3_7dof_robotiq_2f_85_moveit_config:/home/chengwsam/ws_moveit/install/kinova_gen3_6dof_robotiq_2f_85_moveit_config:/home/chengwsam/ws_moveit/install/kortex_description:/home/chengwsam/ws_moveit/install/robotiq_description:/home/chengwsam/ws_moveit/install/robotiq_controllers:/home/chengwsam/ws_moveit/install/pilz_industrial_motion_planner_testutils:/home/chengwsam/ws_moveit/install/moveit_runtime:/home/chengwsam/ws_moveit/install/moveit:/home/chengwsam/ws_moveit/install/moveit_planners:/home/chengwsam/ws_moveit/install/pilz_industrial_motion_planner:/home/chengwsam/ws_moveit/install/moveit_task_constructor_msgs:/home/chengwsam/ws_moveit/install/moveit_ros_control_interface:/home/chengwsam/ws_moveit/install/moveit_plugins:/home/chengwsam/ws_moveit/install/moveit_simple_controller_manager:/home/chengwsam/ws_moveit/install/moveit_setup_assistant:/home/chengwsam/ws_moveit/install/moveit_setup_srdf_plugins:/home/chengwsam/ws_moveit/install/moveit_setup_core_plugins:/home/chengwsam/ws_moveit/install/moveit_setup_controllers:/home/chengwsam/ws_moveit/install/moveit_setup_app_plugins:/home/chengwsam/ws_moveit/install/moveit_setup_framework:/home/chengwsam/ws_moveit/install/moveit_servo:/home/chengwsam/ws_moveit/install/moveit_ros_trajectory_cache:/home/chengwsam/ws_moveit/install/moveit_ros:/home/chengwsam/ws_moveit/install/moveit_ros_visualization:/home/chengwsam/ws_moveit/install/moveit_py:/home/chengwsam/ws_moveit/install/moveit_hybrid_planning:/home/chengwsam/ws_moveit/install/moveit_ros_planning_interface:/home/chengwsam/ws_moveit/install/moveit_ros_benchmarks:/home/chengwsam/ws_moveit/install/moveit_ros_warehouse:/home/chengwsam/ws_moveit/install/moveit_ros_robot_interaction:/home/chengwsam/ws_moveit/install/moveit_ros_perception:/home/chengwsam/ws_moveit/install/moveit_resources_prbt_pg70_support:/home/chengwsam/ws_moveit/install/moveit_resources_prbt_moveit_config:/home/chengwsam/ws_moveit/install/moveit_ros_move_group:/home/chengwsam/ws_moveit/install/moveit_planners_ompl:/home/chengwsam/ws_moveit/install/moveit_kinematics:/home/chengwsam/ws_moveit/install/moveit_ros_planning:/home/chengwsam/ws_moveit/install/moveit_ros_occupancy_map_monitor:/home/chengwsam/ws_moveit/install/moveit_resources_prbt_support:/home/chengwsam/ws_moveit/install/moveit_resources_prbt_ikfast_manipulator_plugin:/home/chengwsam/ws_moveit/install/moveit_resources:/home/chengwsam/ws_moveit/install/moveit_resources_pr2_description:/home/chengwsam/ws_moveit/install/moveit_resources_panda_moveit_config:/home/chengwsam/ws_moveit/install/dual_arm_panda_moveit_config:/home/chengwsam/ws_moveit/install/moveit_resources_panda_description:/home/chengwsam/ws_moveit/install/moveit_resources_fanuc_moveit_config:/home/chengwsam/ws_moveit/install/moveit_resources_fanuc_description:/home/chengwsam/ws_moveit/install/moveit_planners_stomp:/home/chengwsam/ws_moveit/install/moveit_planners_chomp:/home/chengwsam/ws_moveit/install/chomp_motion_planner:/home/chengwsam/ws_moveit/install/moveit_core:/home/chengwsam/ws_moveit/install/moveit_msgs:/home/chengwsam/ws_moveit/install/moveit_common:/home/chengwsam/ws_moveit/install/kortex_driver:/home/chengwsam/ws_moveit/install/kortex_api:/home/chengwsam/ws_moveit/install/apriltag_msgs:/home/chengwsam/ros2_ws/install/koch_simulation:/home/chengwsam/ros2_ws/install/koch_ros2_wrapper:/home/chengwsam/ros2_ws/install/hand_teleop_demo:/home/chengwsam/ws_moveit/install/moveit_configs_utils:/opt/ros/humble LD_LIBRARY_PATH=/home/chengwsam/ros2_ws/src/install/realsense2_camera_msgs/lib:${LD_LIBRARY_PATH} PYTHONPATH=/home/chengwsam/ros2_ws/src/install/realsense2_camera_msgs/local/lib/python3.10/dist-packages:${PYTHONPATH} /usr/bin/cmake /home/chengwsam/ros2_ws/src/realsense-ros/realsense2_camera -DAMENT_CMAKE_SYMLINK_INSTALL=1 -DCMAKE_INSTALL_PREFIX=/home/chengwsam/ros2_ws/src/install/realsense2_camera
[0.069s] -- The C compiler identification is GNU 11.4.0
[0.111s] -- The CXX compiler identification is GNU 11.4.0
[0.117s] -- Detecting C compiler ABI info
[0.180s] -- Detecting C compiler ABI info - done
[0.185s] -- Check for working C compiler: /usr/bin/cc - skipped
[0.185s] -- Detecting C compile features
[0.185s] -- Detecting C compile features - done
[0.187s] -- Detecting CXX compiler ABI info
[0.258s] -- Detecting CXX compiler ABI info - done
[0.263s] -- Check for working CXX compiler: /usr/bin/c++ - skipped
[0.263s] -- Detecting CXX compile features
[0.263s] -- Detecting CXX compile features - done
[0.263s] -- Create Release Build.
[0.268s] -- Found ament_cmake: 1.3.12 (/opt/ros/humble/share/ament_cmake/cmake)
[0.421s] -- Found Python3: /usr/bin/python3 (found version "3.10.12") found components: Interpreter 
[0.468s] -- Override CMake install command with custom implementation using symlinks instead of copying resources
[0.532s] -- Found builtin_interfaces: 1.2.2 (/opt/ros/humble/share/builtin_interfaces/cmake)
[0.578s] -- Found rosidl_generator_c: 3.1.7 (/opt/ros/humble/share/rosidl_generator_c/cmake)
[0.587s] -- Found rosidl_adapter: 3.1.7 (/opt/ros/humble/share/rosidl_adapter/cmake)
[0.598s] -- Found rosidl_generator_cpp: 3.1.7 (/opt/ros/humble/share/rosidl_generator_cpp/cmake)
[0.613s] -- Using all available rosidl_typesupport_c: rosidl_typesupport_fastrtps_c;rosidl_typesupport_introspection_c
[0.634s] -- Using all available rosidl_typesupport_cpp: rosidl_typesupport_fastrtps_cpp;rosidl_typesupport_introspection_cpp
[0.656s] -- Found cv_bridge: 3.2.1 (/opt/ros/humble/share/cv_bridge/cmake)
[0.707s] -- Found image_transport: 3.1.12 (/opt/ros/humble/share/image_transport/cmake)
[0.771s] -- Found rmw_implementation_cmake: 6.1.2 (/opt/ros/humble/share/rmw_implementation_cmake/cmake)
[0.777s] -- Found rmw_fastrtps_cpp: 6.2.8 (/opt/ros/humble/share/rmw_fastrtps_cpp/cmake)
[0.880s] -- Found OpenSSL: /usr/lib/x86_64-linux-gnu/libcrypto.so (found version "3.0.2")  
[0.909s] -- Found FastRTPS: /opt/ros/humble/include  
[0.953s] -- Using RMW implementation 'rmw_fastrtps_cpp' as default
[0.968s] -- Looking for pthread.h
[1.032s] -- Looking for pthread.h - found
[1.032s] -- Performing Test CMAKE_HAVE_LIBC_PTHREAD
[1.098s] -- Performing Test CMAKE_HAVE_LIBC_PTHREAD - Success
[1.098s] -- Found Threads: TRUE  
[1.170s] -- Found rclcpp_action: 16.0.14 (/opt/ros/humble/share/rclcpp_action/cmake)
[1.205s] -- Found rclcpp_components: 16.0.14 (/opt/ros/humble/share/rclcpp_components/cmake)
[1.218s] -- Found realsense2_camera_msgs: 4.55.1 (/home/chengwsam/ros2_ws/src/install/realsense2_camera_msgs/share/realsense2_camera_msgs/cmake)
[1.234s] -- Found std_srvs: 4.9.0 (/opt/ros/humble/share/std_srvs/cmake)
[1.245s] -- Found nav_msgs: 4.9.0 (/opt/ros/humble/share/nav_msgs/cmake)
[1.261s] -- Found tf2_ros: 0.25.16 (/opt/ros/humble/share/tf2_ros/cmake)
[1.294s] -- Found diagnostic_updater: 4.0.6 (/opt/ros/humble/share/diagnostic_updater/cmake)
[1.315s] -- Found OpenCV: /usr (found version "4.5.4") found components: core 
[1.319s] -- Build for ROS2 Humble
[1.329s] -- Found ament_cmake_gtest: 1.3.12 (/opt/ros/humble/share/ament_cmake_gtest/cmake)
[1.334s] -- Found gtest sources under '/opt/ros/humble/src/gtest_vendor': C++ tests using 'Google Test' will be built
[1.340s] -- Found ament_cmake_pytest: 1.3.12 (/opt/ros/humble/share/ament_cmake_pytest/cmake)
[3.391s] -- rs_device_info:
[3.391s] --  01/09 16:49:22,968 ERROR [127497131775872] (context.cpp:40) No valid configuration file found at : /home/chengwsam/.realsense-config.json loading defaults
[3.391s] No device detected. Is it plugged in?
[3.391s] 
[3.445s] -- Configuring done
[3.462s] -- Generating done
[3.467s] -- Build files have been written to: /home/chengwsam/ros2_ws/src/build/realsense2_camera
[3.477s] Invoked command in '/home/chengwsam/ros2_ws/src/build/realsense2_camera' returned '0': AMENT_PREFIX_PATH=/home/chengwsam/ros2_ws/src/install/realsense2_camera_msgs:${AMENT_PREFIX_PATH} CMAKE_PREFIX_PATH=/home/chengwsam/ros2_ws/src/install/realsense2_camera_msgs:/home/chengwsam/ros2_ws/install/topic_tools:/home/chengwsam/ros2_ws/install/topic_tools_interfaces:/home/chengwsam/ros2_ws/install/realsense2_description:/home/chengwsam/ros2_ws/install/realsense2_camera:/home/chengwsam/ros2_ws/install/realsense2_camera_msgs:/home/chengwsam/ros2_ws/install/koch_moveit_config:/home/chengwsam/ws_moveit/install/robotiq_hardware_tests:/home/chengwsam/ws_moveit/install/robotiq_driver:/home/chengwsam/ws_moveit/install/serial:/home/chengwsam/ws_moveit/install/moveit2_tutorials:/home/chengwsam/ws_moveit/install/moveit_visual_tools:/home/chengwsam/ws_moveit/install/rviz_visual_tools:/home/chengwsam/ws_moveit/install/moveit_task_constructor_visualization:/home/chengwsam/ws_moveit/install/moveit_task_constructor_demo:/home/chengwsam/ws_moveit/install/moveit_task_constructor_capabilities:/home/chengwsam/ws_moveit/install/moveit_task_constructor_core:/home/chengwsam/ws_moveit/install/rviz_marker_tools:/home/chengwsam/ws_moveit/install/kortex_bringup:/home/chengwsam/ws_moveit/install/kinova_gen3_lite_moveit_config:/home/chengwsam/ws_moveit/install/kinova_gen3_7dof_robotiq_2f_85_moveit_config:/home/chengwsam/ws_moveit/install/kinova_gen3_6dof_robotiq_2f_85_moveit_config:/home/chengwsam/ws_moveit/install/kortex_description:/home/chengwsam/ws_moveit/install/robotiq_description:/home/chengwsam/ws_moveit/install/robotiq_controllers:/home/chengwsam/ws_moveit/install/pilz_industrial_motion_planner_testutils:/home/chengwsam/ws_moveit/install/moveit_runtime:/home/chengwsam/ws_moveit/install/moveit:/home/chengwsam/ws_moveit/install/moveit_planners:/home/chengwsam/ws_moveit/install/pilz_industrial_motion_planner:/home/chengwsam/ws_moveit/install/moveit_task_constructor_msgs:/home/chengwsam/ws_moveit/install/moveit_ros_control_interface:/home/chengwsam/ws_moveit/install/moveit_plugins:/home/chengwsam/ws_moveit/install/moveit_simple_controller_manager:/home/chengwsam/ws_moveit/install/moveit_setup_assistant:/home/chengwsam/ws_moveit/install/moveit_setup_srdf_plugins:/home/chengwsam/ws_moveit/install/moveit_setup_core_plugins:/home/chengwsam/ws_moveit/install/moveit_setup_controllers:/home/chengwsam/ws_moveit/install/moveit_setup_app_plugins:/home/chengwsam/ws_moveit/install/moveit_setup_framework:/home/chengwsam/ws_moveit/install/moveit_servo:/home/chengwsam/ws_moveit/install/moveit_ros_trajectory_cache:/home/chengwsam/ws_moveit/install/moveit_ros:/home/chengwsam/ws_moveit/install/moveit_ros_visualization:/home/chengwsam/ws_moveit/install/moveit_py:/home/chengwsam/ws_moveit/install/moveit_hybrid_planning:/home/chengwsam/ws_moveit/install/moveit_ros_planning_interface:/home/chengwsam/ws_moveit/install/moveit_ros_benchmarks:/home/chengwsam/ws_moveit/install/moveit_ros_warehouse:/home/chengwsam/ws_moveit/install/moveit_ros_robot_interaction:/home/chengwsam/ws_moveit/install/moveit_ros_perception:/home/chengwsam/ws_moveit/install/moveit_resources_prbt_pg70_support:/home/chengwsam/ws_moveit/install/moveit_resources_prbt_moveit_config:/home/chengwsam/ws_moveit/install/moveit_ros_move_group:/home/chengwsam/ws_moveit/install/moveit_planners_ompl:/home/chengwsam/ws_moveit/install/moveit_kinematics:/home/chengwsam/ws_moveit/install/moveit_ros_planning:/home/chengwsam/ws_moveit/install/moveit_ros_occupancy_map_monitor:/home/chengwsam/ws_moveit/install/moveit_resources_prbt_support:/home/chengwsam/ws_moveit/install/moveit_resources_prbt_ikfast_manipulator_plugin:/home/chengwsam/ws_moveit/install/moveit_resources:/home/chengwsam/ws_moveit/install/moveit_resources_pr2_description:/home/chengwsam/ws_moveit/install/moveit_resources_panda_moveit_config:/home/chengwsam/ws_moveit/install/dual_arm_panda_moveit_config:/home/chengwsam/ws_moveit/install/moveit_resources_panda_description:/home/chengwsam/ws_moveit/install/moveit_resources_fanuc_moveit_config:/home/chengwsam/ws_moveit/install/moveit_resources_fanuc_description:/home/chengwsam/ws_moveit/install/moveit_planners_stomp:/home/chengwsam/ws_moveit/install/moveit_planners_chomp:/home/chengwsam/ws_moveit/install/chomp_motion_planner:/home/chengwsam/ws_moveit/install/moveit_core:/home/chengwsam/ws_moveit/install/moveit_msgs:/home/chengwsam/ws_moveit/install/moveit_common:/home/chengwsam/ws_moveit/install/kortex_driver:/home/chengwsam/ws_moveit/install/kortex_api:/home/chengwsam/ws_moveit/install/apriltag_msgs:/home/chengwsam/ros2_ws/install/koch_simulation:/home/chengwsam/ros2_ws/install/koch_ros2_wrapper:/home/chengwsam/ros2_ws/install/hand_teleop_demo:/home/chengwsam/ws_moveit/install/moveit_configs_utils:/opt/ros/humble LD_LIBRARY_PATH=/home/chengwsam/ros2_ws/src/install/realsense2_camera_msgs/lib:${LD_LIBRARY_PATH} PYTHONPATH=/home/chengwsam/ros2_ws/src/install/realsense2_camera_msgs/local/lib/python3.10/dist-packages:${PYTHONPATH} /usr/bin/cmake /home/chengwsam/ros2_ws/src/realsense-ros/realsense2_camera -DAMENT_CMAKE_SYMLINK_INSTALL=1 -DCMAKE_INSTALL_PREFIX=/home/chengwsam/ros2_ws/src/install/realsense2_camera
[3.478s] Invoking command in '/home/chengwsam/ros2_ws/src/build/realsense2_camera': AMENT_PREFIX_PATH=/home/chengwsam/ros2_ws/src/install/realsense2_camera_msgs:${AMENT_PREFIX_PATH} CMAKE_PREFIX_PATH=/home/chengwsam/ros2_ws/src/install/realsense2_camera_msgs:/home/chengwsam/ros2_ws/install/topic_tools:/home/chengwsam/ros2_ws/install/topic_tools_interfaces:/home/chengwsam/ros2_ws/install/realsense2_description:/home/chengwsam/ros2_ws/install/realsense2_camera:/home/chengwsam/ros2_ws/install/realsense2_camera_msgs:/home/chengwsam/ros2_ws/install/koch_moveit_config:/home/chengwsam/ws_moveit/install/robotiq_hardware_tests:/home/chengwsam/ws_moveit/install/robotiq_driver:/home/chengwsam/ws_moveit/install/serial:/home/chengwsam/ws_moveit/install/moveit2_tutorials:/home/chengwsam/ws_moveit/install/moveit_visual_tools:/home/chengwsam/ws_moveit/install/rviz_visual_tools:/home/chengwsam/ws_moveit/install/moveit_task_constructor_visualization:/home/chengwsam/ws_moveit/install/moveit_task_constructor_demo:/home/chengwsam/ws_moveit/install/moveit_task_constructor_capabilities:/home/chengwsam/ws_moveit/install/moveit_task_constructor_core:/home/chengwsam/ws_moveit/install/rviz_marker_tools:/home/chengwsam/ws_moveit/install/kortex_bringup:/home/chengwsam/ws_moveit/install/kinova_gen3_lite_moveit_config:/home/chengwsam/ws_moveit/install/kinova_gen3_7dof_robotiq_2f_85_moveit_config:/home/chengwsam/ws_moveit/install/kinova_gen3_6dof_robotiq_2f_85_moveit_config:/home/chengwsam/ws_moveit/install/kortex_description:/home/chengwsam/ws_moveit/install/robotiq_description:/home/chengwsam/ws_moveit/install/robotiq_controllers:/home/chengwsam/ws_moveit/install/pilz_industrial_motion_planner_testutils:/home/chengwsam/ws_moveit/install/moveit_runtime:/home/chengwsam/ws_moveit/install/moveit:/home/chengwsam/ws_moveit/install/moveit_planners:/home/chengwsam/ws_moveit/install/pilz_industrial_motion_planner:/home/chengwsam/ws_moveit/install/moveit_task_constructor_msgs:/home/chengwsam/ws_moveit/install/moveit_ros_control_interface:/home/chengwsam/ws_moveit/install/moveit_plugins:/home/chengwsam/ws_moveit/install/moveit_simple_controller_manager:/home/chengwsam/ws_moveit/install/moveit_setup_assistant:/home/chengwsam/ws_moveit/install/moveit_setup_srdf_plugins:/home/chengwsam/ws_moveit/install/moveit_setup_core_plugins:/home/chengwsam/ws_moveit/install/moveit_setup_controllers:/home/chengwsam/ws_moveit/install/moveit_setup_app_plugins:/home/chengwsam/ws_moveit/install/moveit_setup_framework:/home/chengwsam/ws_moveit/install/moveit_servo:/home/chengwsam/ws_moveit/install/moveit_ros_trajectory_cache:/home/chengwsam/ws_moveit/install/moveit_ros:/home/chengwsam/ws_moveit/install/moveit_ros_visualization:/home/chengwsam/ws_moveit/install/moveit_py:/home/chengwsam/ws_moveit/install/moveit_hybrid_planning:/home/chengwsam/ws_moveit/install/moveit_ros_planning_interface:/home/chengwsam/ws_moveit/install/moveit_ros_benchmarks:/home/chengwsam/ws_moveit/install/moveit_ros_warehouse:/home/chengwsam/ws_moveit/install/moveit_ros_robot_interaction:/home/chengwsam/ws_moveit/install/moveit_ros_perception:/home/chengwsam/ws_moveit/install/moveit_resources_prbt_pg70_support:/home/chengwsam/ws_moveit/install/moveit_resources_prbt_moveit_config:/home/chengwsam/ws_moveit/install/moveit_ros_move_group:/home/chengwsam/ws_moveit/install/moveit_planners_ompl:/home/chengwsam/ws_moveit/install/moveit_kinematics:/home/chengwsam/ws_moveit/install/moveit_ros_planning:/home/chengwsam/ws_moveit/install/moveit_ros_occupancy_map_monitor:/home/chengwsam/ws_moveit/install/moveit_resources_prbt_support:/home/chengwsam/ws_moveit/install/moveit_resources_prbt_ikfast_manipulator_plugin:/home/chengwsam/ws_moveit/install/moveit_resources:/home/chengwsam/ws_moveit/install/moveit_resources_pr2_description:/home/chengwsam/ws_moveit/install/moveit_resources_panda_moveit_config:/home/chengwsam/ws_moveit/install/dual_arm_panda_moveit_config:/home/chengwsam/ws_moveit/install/moveit_resources_panda_description:/home/chengwsam/ws_moveit/install/moveit_resources_fanuc_moveit_config:/home/chengwsam/ws_moveit/install/moveit_resources_fanuc_description:/home/chengwsam/ws_moveit/install/moveit_planners_stomp:/home/chengwsam/ws_moveit/install/moveit_planners_chomp:/home/chengwsam/ws_moveit/install/chomp_motion_planner:/home/chengwsam/ws_moveit/install/moveit_core:/home/chengwsam/ws_moveit/install/moveit_msgs:/home/chengwsam/ws_moveit/install/moveit_common:/home/chengwsam/ws_moveit/install/kortex_driver:/home/chengwsam/ws_moveit/install/kortex_api:/home/chengwsam/ws_moveit/install/apriltag_msgs:/home/chengwsam/ros2_ws/install/koch_simulation:/home/chengwsam/ros2_ws/install/koch_ros2_wrapper:/home/chengwsam/ros2_ws/install/hand_teleop_demo:/home/chengwsam/ws_moveit/install/moveit_configs_utils:/opt/ros/humble LD_LIBRARY_PATH=/home/chengwsam/ros2_ws/src/install/realsense2_camera_msgs/lib:${LD_LIBRARY_PATH} PYTHONPATH=/home/chengwsam/ros2_ws/src/install/realsense2_camera_msgs/local/lib/python3.10/dist-packages:${PYTHONPATH} /usr/bin/cmake --build /home/chengwsam/ros2_ws/src/build/realsense2_camera -- -j20 -l20
[3.539s] [  4%] [32mBuilding CXX object gtest/CMakeFiles/gtest_main.dir/src/gtest_main.cc.o[0m
[3.539s] [  8%] [32mBuilding CXX object CMakeFiles/realsense2_camera.dir/src/parameters.cpp.o[0m
[3.539s] [ 16%] [32mBuilding CXX object gtest/CMakeFiles/gtest.dir/src/gtest-all.cc.o[0m
[3.539s] [ 12%] [32mBuilding CXX object CMakeFiles/realsense2_camera.dir/src/base_realsense_node.cpp.o[0m
[3.539s] [ 20%] [32mBuilding CXX object CMakeFiles/realsense2_camera.dir/src/realsense_node_factory.cpp.o[0m
[3.540s] [ 24%] [32mBuilding CXX object CMakeFiles/realsense2_camera.dir/src/dynamic_params.cpp.o[0m
[3.540s] [ 32%] [32mBuilding CXX object CMakeFiles/realsense2_camera.dir/src/ros_sensor.cpp.o[0m
[3.540s] [ 48%] [32mBuilding CXX object CMakeFiles/realsense2_camera.dir/src/ros_utils.cpp.o[0m
[3.540s] [ 52%] [32mBuilding CXX object CMakeFiles/realsense2_camera.dir/src/named_filter.cpp.o[0m
[3.540s] [ 32%] [32mBuilding CXX object CMakeFiles/realsense2_camera.dir/src/sensor_params.cpp.o[0m
[3.540s] [ 56%] [32mBuilding CXX object CMakeFiles/realsense2_camera.dir/src/align_depth_filter.cpp.o[0m
[3.540s] [ 60%] [32mBuilding CXX object CMakeFiles/realsense2_camera_node.dir/rclcpp_components/node_main_realsense2_camera_node.cpp.o[0m
[3.540s] [ 36%] [32mBuilding CXX object CMakeFiles/realsense2_camera.dir/src/rs_node_setup.cpp.o[0m
[3.541s] [ 44%] [32mBuilding CXX object CMakeFiles/realsense2_camera.dir/src/image_publisher.cpp.o[0m
[3.541s] [ 44%] [32mBuilding CXX object CMakeFiles/realsense2_camera.dir/src/pointcloud_filter.cpp.o[0m
[3.544s] [ 64%] [32mBuilding CXX object CMakeFiles/realsense2_camera.dir/src/profile_manager.cpp.o[0m
[3.548s] [ 68%] [32mBuilding CXX object CMakeFiles/realsense2_camera.dir/src/tfs.cpp.o[0m
[3.548s] [ 72%] [32mBuilding CXX object CMakeFiles/realsense2_camera.dir/src/actions.cpp.o[0m
[3.550s] [ 76%] [32mBuilding CXX object CMakeFiles/realsense2_camera.dir/src/ros_param_backend.cpp.o[0m
[4.827s] [ 80%] [32m[1mLinking CXX static library libgtest_main.a[0m
[5.004s] [ 80%] Built target gtest_main
[8.418s] [ 84%] [32m[1mLinking CXX executable realsense2_camera_node[0m
[8.681s] [ 84%] Built target realsense2_camera_node
[13.539s] [ 88%] [32m[1mLinking CXX static library libgtest.a[0m
[13.604s] [ 88%] Built target gtest
[13.626s] [ 92%] [32mBuilding CXX object CMakeFiles/gtest_template.dir/test/gtest_template.cpp.o[0m
[14.412s] [ 96%] [32m[1mLinking CXX executable gtest_template[0m
[14.520s] [ 96%] Built target gtest_template
[18.029s] [100%] [32m[1mLinking CXX shared library librealsense2_camera.so[0m
[18.382s] [100%] Built target realsense2_camera
[18.396s] Invoked command in '/home/chengwsam/ros2_ws/src/build/realsense2_camera' returned '0': AMENT_PREFIX_PATH=/home/chengwsam/ros2_ws/src/install/realsense2_camera_msgs:${AMENT_PREFIX_PATH} CMAKE_PREFIX_PATH=/home/chengwsam/ros2_ws/src/install/realsense2_camera_msgs:/home/chengwsam/ros2_ws/install/topic_tools:/home/chengwsam/ros2_ws/install/topic_tools_interfaces:/home/chengwsam/ros2_ws/install/realsense2_description:/home/chengwsam/ros2_ws/install/realsense2_camera:/home/chengwsam/ros2_ws/install/realsense2_camera_msgs:/home/chengwsam/ros2_ws/install/koch_moveit_config:/home/chengwsam/ws_moveit/install/robotiq_hardware_tests:/home/chengwsam/ws_moveit/install/robotiq_driver:/home/chengwsam/ws_moveit/install/serial:/home/chengwsam/ws_moveit/install/moveit2_tutorials:/home/chengwsam/ws_moveit/install/moveit_visual_tools:/home/chengwsam/ws_moveit/install/rviz_visual_tools:/home/chengwsam/ws_moveit/install/moveit_task_constructor_visualization:/home/chengwsam/ws_moveit/install/moveit_task_constructor_demo:/home/chengwsam/ws_moveit/install/moveit_task_constructor_capabilities:/home/chengwsam/ws_moveit/install/moveit_task_constructor_core:/home/chengwsam/ws_moveit/install/rviz_marker_tools:/home/chengwsam/ws_moveit/install/kortex_bringup:/home/chengwsam/ws_moveit/install/kinova_gen3_lite_moveit_config:/home/chengwsam/ws_moveit/install/kinova_gen3_7dof_robotiq_2f_85_moveit_config:/home/chengwsam/ws_moveit/install/kinova_gen3_6dof_robotiq_2f_85_moveit_config:/home/chengwsam/ws_moveit/install/kortex_description:/home/chengwsam/ws_moveit/install/robotiq_description:/home/chengwsam/ws_moveit/install/robotiq_controllers:/home/chengwsam/ws_moveit/install/pilz_industrial_motion_planner_testutils:/home/chengwsam/ws_moveit/install/moveit_runtime:/home/chengwsam/ws_moveit/install/moveit:/home/chengwsam/ws_moveit/install/moveit_planners:/home/chengwsam/ws_moveit/install/pilz_industrial_motion_planner:/home/chengwsam/ws_moveit/install/moveit_task_constructor_msgs:/home/chengwsam/ws_moveit/install/moveit_ros_control_interface:/home/chengwsam/ws_moveit/install/moveit_plugins:/home/chengwsam/ws_moveit/install/moveit_simple_controller_manager:/home/chengwsam/ws_moveit/install/moveit_setup_assistant:/home/chengwsam/ws_moveit/install/moveit_setup_srdf_plugins:/home/chengwsam/ws_moveit/install/moveit_setup_core_plugins:/home/chengwsam/ws_moveit/install/moveit_setup_controllers:/home/chengwsam/ws_moveit/install/moveit_setup_app_plugins:/home/chengwsam/ws_moveit/install/moveit_setup_framework:/home/chengwsam/ws_moveit/install/moveit_servo:/home/chengwsam/ws_moveit/install/moveit_ros_trajectory_cache:/home/chengwsam/ws_moveit/install/moveit_ros:/home/chengwsam/ws_moveit/install/moveit_ros_visualization:/home/chengwsam/ws_moveit/install/moveit_py:/home/chengwsam/ws_moveit/install/moveit_hybrid_planning:/home/chengwsam/ws_moveit/install/moveit_ros_planning_interface:/home/chengwsam/ws_moveit/install/moveit_ros_benchmarks:/home/chengwsam/ws_moveit/install/moveit_ros_warehouse:/home/chengwsam/ws_moveit/install/moveit_ros_robot_interaction:/home/chengwsam/ws_moveit/install/moveit_ros_perception:/home/chengwsam/ws_moveit/install/moveit_resources_prbt_pg70_support:/home/chengwsam/ws_moveit/install/moveit_resources_prbt_moveit_config:/home/chengwsam/ws_moveit/install/moveit_ros_move_group:/home/chengwsam/ws_moveit/install/moveit_planners_ompl:/home/chengwsam/ws_moveit/install/moveit_kinematics:/home/chengwsam/ws_moveit/install/moveit_ros_planning:/home/chengwsam/ws_moveit/install/moveit_ros_occupancy_map_monitor:/home/chengwsam/ws_moveit/install/moveit_resources_prbt_support:/home/chengwsam/ws_moveit/install/moveit_resources_prbt_ikfast_manipulator_plugin:/home/chengwsam/ws_moveit/install/moveit_resources:/home/chengwsam/ws_moveit/install/moveit_resources_pr2_description:/home/chengwsam/ws_moveit/install/moveit_resources_panda_moveit_config:/home/chengwsam/ws_moveit/install/dual_arm_panda_moveit_config:/home/chengwsam/ws_moveit/install/moveit_resources_panda_description:/home/chengwsam/ws_moveit/install/moveit_resources_fanuc_moveit_config:/home/chengwsam/ws_moveit/install/moveit_resources_fanuc_description:/home/chengwsam/ws_moveit/install/moveit_planners_stomp:/home/chengwsam/ws_moveit/install/moveit_planners_chomp:/home/chengwsam/ws_moveit/install/chomp_motion_planner:/home/chengwsam/ws_moveit/install/moveit_core:/home/chengwsam/ws_moveit/install/moveit_msgs:/home/chengwsam/ws_moveit/install/moveit_common:/home/chengwsam/ws_moveit/install/kortex_driver:/home/chengwsam/ws_moveit/install/kortex_api:/home/chengwsam/ws_moveit/install/apriltag_msgs:/home/chengwsam/ros2_ws/install/koch_simulation:/home/chengwsam/ros2_ws/install/koch_ros2_wrapper:/home/chengwsam/ros2_ws/install/hand_teleop_demo:/home/chengwsam/ws_moveit/install/moveit_configs_utils:/opt/ros/humble LD_LIBRARY_PATH=/home/chengwsam/ros2_ws/src/install/realsense2_camera_msgs/lib:${LD_LIBRARY_PATH} PYTHONPATH=/home/chengwsam/ros2_ws/src/install/realsense2_camera_msgs/local/lib/python3.10/dist-packages:${PYTHONPATH} /usr/bin/cmake --build /home/chengwsam/ros2_ws/src/build/realsense2_camera -- -j20 -l20
[18.398s] Invoking command in '/home/chengwsam/ros2_ws/src/build/realsense2_camera': AMENT_PREFIX_PATH=/home/chengwsam/ros2_ws/src/install/realsense2_camera_msgs:${AMENT_PREFIX_PATH} CMAKE_PREFIX_PATH=/home/chengwsam/ros2_ws/src/install/realsense2_camera_msgs:/home/chengwsam/ros2_ws/install/topic_tools:/home/chengwsam/ros2_ws/install/topic_tools_interfaces:/home/chengwsam/ros2_ws/install/realsense2_description:/home/chengwsam/ros2_ws/install/realsense2_camera:/home/chengwsam/ros2_ws/install/realsense2_camera_msgs:/home/chengwsam/ros2_ws/install/koch_moveit_config:/home/chengwsam/ws_moveit/install/robotiq_hardware_tests:/home/chengwsam/ws_moveit/install/robotiq_driver:/home/chengwsam/ws_moveit/install/serial:/home/chengwsam/ws_moveit/install/moveit2_tutorials:/home/chengwsam/ws_moveit/install/moveit_visual_tools:/home/chengwsam/ws_moveit/install/rviz_visual_tools:/home/chengwsam/ws_moveit/install/moveit_task_constructor_visualization:/home/chengwsam/ws_moveit/install/moveit_task_constructor_demo:/home/chengwsam/ws_moveit/install/moveit_task_constructor_capabilities:/home/chengwsam/ws_moveit/install/moveit_task_constructor_core:/home/chengwsam/ws_moveit/install/rviz_marker_tools:/home/chengwsam/ws_moveit/install/kortex_bringup:/home/chengwsam/ws_moveit/install/kinova_gen3_lite_moveit_config:/home/chengwsam/ws_moveit/install/kinova_gen3_7dof_robotiq_2f_85_moveit_config:/home/chengwsam/ws_moveit/install/kinova_gen3_6dof_robotiq_2f_85_moveit_config:/home/chengwsam/ws_moveit/install/kortex_description:/home/chengwsam/ws_moveit/install/robotiq_description:/home/chengwsam/ws_moveit/install/robotiq_controllers:/home/chengwsam/ws_moveit/install/pilz_industrial_motion_planner_testutils:/home/chengwsam/ws_moveit/install/moveit_runtime:/home/chengwsam/ws_moveit/install/moveit:/home/chengwsam/ws_moveit/install/moveit_planners:/home/chengwsam/ws_moveit/install/pilz_industrial_motion_planner:/home/chengwsam/ws_moveit/install/moveit_task_constructor_msgs:/home/chengwsam/ws_moveit/install/moveit_ros_control_interface:/home/chengwsam/ws_moveit/install/moveit_plugins:/home/chengwsam/ws_moveit/install/moveit_simple_controller_manager:/home/chengwsam/ws_moveit/install/moveit_setup_assistant:/home/chengwsam/ws_moveit/install/moveit_setup_srdf_plugins:/home/chengwsam/ws_moveit/install/moveit_setup_core_plugins:/home/chengwsam/ws_moveit/install/moveit_setup_controllers:/home/chengwsam/ws_moveit/install/moveit_setup_app_plugins:/home/chengwsam/ws_moveit/install/moveit_setup_framework:/home/chengwsam/ws_moveit/install/moveit_servo:/home/chengwsam/ws_moveit/install/moveit_ros_trajectory_cache:/home/chengwsam/ws_moveit/install/moveit_ros:/home/chengwsam/ws_moveit/install/moveit_ros_visualization:/home/chengwsam/ws_moveit/install/moveit_py:/home/chengwsam/ws_moveit/install/moveit_hybrid_planning:/home/chengwsam/ws_moveit/install/moveit_ros_planning_interface:/home/chengwsam/ws_moveit/install/moveit_ros_benchmarks:/home/chengwsam/ws_moveit/install/moveit_ros_warehouse:/home/chengwsam/ws_moveit/install/moveit_ros_robot_interaction:/home/chengwsam/ws_moveit/install/moveit_ros_perception:/home/chengwsam/ws_moveit/install/moveit_resources_prbt_pg70_support:/home/chengwsam/ws_moveit/install/moveit_resources_prbt_moveit_config:/home/chengwsam/ws_moveit/install/moveit_ros_move_group:/home/chengwsam/ws_moveit/install/moveit_planners_ompl:/home/chengwsam/ws_moveit/install/moveit_kinematics:/home/chengwsam/ws_moveit/install/moveit_ros_planning:/home/chengwsam/ws_moveit/install/moveit_ros_occupancy_map_monitor:/home/chengwsam/ws_moveit/install/moveit_resources_prbt_support:/home/chengwsam/ws_moveit/install/moveit_resources_prbt_ikfast_manipulator_plugin:/home/chengwsam/ws_moveit/install/moveit_resources:/home/chengwsam/ws_moveit/install/moveit_resources_pr2_description:/home/chengwsam/ws_moveit/install/moveit_resources_panda_moveit_config:/home/chengwsam/ws_moveit/install/dual_arm_panda_moveit_config:/home/chengwsam/ws_moveit/install/moveit_resources_panda_description:/home/chengwsam/ws_moveit/install/moveit_resources_fanuc_moveit_config:/home/chengwsam/ws_moveit/install/moveit_resources_fanuc_description:/home/chengwsam/ws_moveit/install/moveit_planners_stomp:/home/chengwsam/ws_moveit/install/moveit_planners_chomp:/home/chengwsam/ws_moveit/install/chomp_motion_planner:/home/chengwsam/ws_moveit/install/moveit_core:/home/chengwsam/ws_moveit/install/moveit_msgs:/home/chengwsam/ws_moveit/install/moveit_common:/home/chengwsam/ws_moveit/install/kortex_driver:/home/chengwsam/ws_moveit/install/kortex_api:/home/chengwsam/ws_moveit/install/apriltag_msgs:/home/chengwsam/ros2_ws/install/koch_simulation:/home/chengwsam/ros2_ws/install/koch_ros2_wrapper:/home/chengwsam/ros2_ws/install/hand_teleop_demo:/home/chengwsam/ws_moveit/install/moveit_configs_utils:/opt/ros/humble LD_LIBRARY_PATH=/home/chengwsam/ros2_ws/src/install/realsense2_camera_msgs/lib:${LD_LIBRARY_PATH} PYTHONPATH=/home/chengwsam/ros2_ws/src/install/realsense2_camera_msgs/local/lib/python3.10/dist-packages:${PYTHONPATH} /usr/bin/cmake --install /home/chengwsam/ros2_ws/src/build/realsense2_camera
[18.405s] -- Install configuration: "Release"
[18.406s] -- Execute custom install script
[18.406s] -- Symlinking: /home/chengwsam/ros2_ws/src/install/realsense2_camera/share/realsense2_camera/config/global_settings.yaml
[18.417s] -- Symlinking: /home/chengwsam/ros2_ws/src/install/realsense2_camera/lib/realsense2_camera/realsense2_camera_node
[18.426s] -- Symlinking: /home/chengwsam/ros2_ws/src/install/realsense2_camera/lib/librealsense2_camera.so
[18.437s] -- Symlinking: /home/chengwsam/ros2_ws/src/install/realsense2_camera/include/align_depth_filter.h
[18.446s] -- Symlinking: /home/chengwsam/ros2_ws/src/install/realsense2_camera/include/base_realsense_node.h
[18.456s] -- Symlinking: /home/chengwsam/ros2_ws/src/install/realsense2_camera/include/constants.h
[18.465s] -- Symlinking: /home/chengwsam/ros2_ws/src/install/realsense2_camera/include/dynamic_params.h
[18.475s] -- Symlinking: /home/chengwsam/ros2_ws/src/install/realsense2_camera/include/gl_window.h
[18.485s] -- Symlinking: /home/chengwsam/ros2_ws/src/install/realsense2_camera/include/image_publisher.h
[18.494s] -- Symlinking: /home/chengwsam/ros2_ws/src/install/realsense2_camera/include/named_filter.h
[18.504s] -- Symlinking: /home/chengwsam/ros2_ws/src/install/realsense2_camera/include/pointcloud_filter.h
[18.515s] -- Symlinking: /home/chengwsam/ros2_ws/src/install/realsense2_camera/include/profile_manager.h
[18.524s] -- Symlinking: /home/chengwsam/ros2_ws/src/install/realsense2_camera/include/realsense_node_factory.h
[18.532s] -- Symlinking: /home/chengwsam/ros2_ws/src/install/realsense2_camera/include/ros_node_base.h
[18.543s] -- Symlinking: /home/chengwsam/ros2_ws/src/install/realsense2_camera/include/ros_param_backend.h
[18.551s] -- Symlinking: /home/chengwsam/ros2_ws/src/install/realsense2_camera/include/ros_sensor.h
[18.559s] -- Symlinking: /home/chengwsam/ros2_ws/src/install/realsense2_camera/include/ros_utils.h
[18.570s] -- Symlinking: /home/chengwsam/ros2_ws/src/install/realsense2_camera/include/sensor_params.h
[18.580s] -- Symlinking: /home/chengwsam/ros2_ws/src/install/realsense2_camera/share/realsense2_camera/launch/default.rviz
[18.590s] -- Symlinking: /home/chengwsam/ros2_ws/src/install/realsense2_camera/share/realsense2_camera/launch/rs_intra_process_demo_launch.py
[18.598s] -- Symlinking: /home/chengwsam/ros2_ws/src/install/realsense2_camera/share/realsense2_camera/launch/rs_launch.py
[18.607s] -- Symlinking: /home/chengwsam/ros2_ws/src/install/realsense2_camera/share/realsense2_camera/launch/rs_multi_camera_launch.py
[18.616s] -- Symlinking: /home/chengwsam/ros2_ws/src/install/realsense2_camera/share/realsense2_camera/launch/rs_multi_camera_launch_sync.py
[18.628s] -- Symlinking: /home/chengwsam/ros2_ws/src/install/realsense2_camera/share/realsense2_camera/examples/align_depth/README.md
[18.637s] -- Symlinking: /home/chengwsam/ros2_ws/src/install/realsense2_camera/share/realsense2_camera/examples/align_depth/rs_align_depth_launch.py
[18.647s] -- Symlinking: /home/chengwsam/ros2_ws/src/install/realsense2_camera/share/realsense2_camera/examples/d500_tables/calib_config_example.json
[18.656s] -- Symlinking: /home/chengwsam/ros2_ws/src/install/realsense2_camera/share/realsense2_camera/examples/dual_camera/README.md
[18.667s] -- Symlinking: /home/chengwsam/ros2_ws/src/install/realsense2_camera/share/realsense2_camera/examples/dual_camera/rs_dual_camera_launch.py
[18.676s] -- Symlinking: /home/chengwsam/ros2_ws/src/install/realsense2_camera/share/realsense2_camera/examples/dual_camera/rviz/dual_camera_pointcloud.rviz
[18.687s] -- Symlinking: /home/chengwsam/ros2_ws/src/install/realsense2_camera/share/realsense2_camera/examples/launch_from_rosbag/README.md
[18.696s] -- Symlinking: /home/chengwsam/ros2_ws/src/install/realsense2_camera/share/realsense2_camera/examples/launch_from_rosbag/rs_launch_from_rosbag.py
[18.706s] -- Symlinking: /home/chengwsam/ros2_ws/src/install/realsense2_camera/share/realsense2_camera/examples/launch_params_from_file/README.md
[18.716s] -- Symlinking: /home/chengwsam/ros2_ws/src/install/realsense2_camera/share/realsense2_camera/examples/launch_params_from_file/config/config.yaml
[18.726s] -- Symlinking: /home/chengwsam/ros2_ws/src/install/realsense2_camera/share/realsense2_camera/examples/launch_params_from_file/rs_launch_get_params_from_yaml.py
[18.736s] -- Symlinking: /home/chengwsam/ros2_ws/src/install/realsense2_camera/share/realsense2_camera/examples/pointcloud/README.md
[18.746s] -- Symlinking: /home/chengwsam/ros2_ws/src/install/realsense2_camera/share/realsense2_camera/examples/pointcloud/rs_d405_pointcloud_launch.py
[18.756s] -- Symlinking: /home/chengwsam/ros2_ws/src/install/realsense2_camera/share/realsense2_camera/examples/pointcloud/rs_d455_pointcloud_launch.py
[18.766s] -- Symlinking: /home/chengwsam/ros2_ws/src/install/realsense2_camera/share/realsense2_camera/examples/pointcloud/rs_pointcloud_infra_launch.py
[18.776s] -- Symlinking: /home/chengwsam/ros2_ws/src/install/realsense2_camera/share/realsense2_camera/examples/pointcloud/rs_pointcloud_launch.py
[18.786s] -- Symlinking: /home/chengwsam/ros2_ws/src/install/realsense2_camera/share/realsense2_camera/examples/pointcloud/rviz/pointcloud.rviz
[18.795s] -- Symlinking: /home/chengwsam/ros2_ws/src/install/realsense2_camera/share/realsense2_camera/examples/pointcloud/rviz/urdf_pointcloud.rviz
[18.806s] -- Symlinking: /home/chengwsam/ros2_ws/src/install/realsense2_camera/share/realsense2_camera/environment/library_path.sh
[18.815s] -- Symlinking: /home/chengwsam/ros2_ws/src/install/realsense2_camera/share/realsense2_camera/environment/library_path.dsv
[18.825s] -- Symlinking: /home/chengwsam/ros2_ws/src/install/realsense2_camera/share/ament_index/resource_index/package_run_dependencies/realsense2_camera
[18.835s] -- Symlinking: /home/chengwsam/ros2_ws/src/install/realsense2_camera/share/ament_index/resource_index/parent_prefix_path/realsense2_camera
[18.845s] -- Symlinking: /home/chengwsam/ros2_ws/src/install/realsense2_camera/share/realsense2_camera/environment/ament_prefix_path.sh
[18.855s] -- Symlinking: /home/chengwsam/ros2_ws/src/install/realsense2_camera/share/realsense2_camera/environment/ament_prefix_path.dsv
[18.866s] -- Symlinking: /home/chengwsam/ros2_ws/src/install/realsense2_camera/share/realsense2_camera/environment/path.sh
[18.875s] -- Symlinking: /home/chengwsam/ros2_ws/src/install/realsense2_camera/share/realsense2_camera/environment/path.dsv
[18.886s] -- Symlinking: /home/chengwsam/ros2_ws/src/install/realsense2_camera/share/realsense2_camera/local_setup.bash
[18.896s] -- Symlinking: /home/chengwsam/ros2_ws/src/install/realsense2_camera/share/realsense2_camera/local_setup.sh
[18.906s] -- Symlinking: /home/chengwsam/ros2_ws/src/install/realsense2_camera/share/realsense2_camera/local_setup.zsh
[18.916s] -- Symlinking: /home/chengwsam/ros2_ws/src/install/realsense2_camera/share/realsense2_camera/local_setup.dsv
[18.927s] -- Symlinking: /home/chengwsam/ros2_ws/src/install/realsense2_camera/share/realsense2_camera/package.dsv
[18.936s] -- Symlinking: /home/chengwsam/ros2_ws/src/install/realsense2_camera/share/ament_index/resource_index/packages/realsense2_camera
[18.946s] -- Symlinking: /home/chengwsam/ros2_ws/src/install/realsense2_camera/share/ament_index/resource_index/rclcpp_components/realsense2_camera
[18.957s] -- Symlinking: /home/chengwsam/ros2_ws/src/install/realsense2_camera/share/realsense2_camera/cmake/ament_cmake_export_include_directories-extras.cmake
[18.967s] -- Symlinking: /home/chengwsam/ros2_ws/src/install/realsense2_camera/share/realsense2_camera/cmake/ament_cmake_export_libraries-extras.cmake
[18.977s] -- Symlinking: /home/chengwsam/ros2_ws/src/install/realsense2_camera/share/realsense2_camera/cmake/ament_cmake_export_dependencies-extras.cmake
[18.987s] -- Symlinking: /home/chengwsam/ros2_ws/src/install/realsense2_camera/share/realsense2_camera/cmake/realsense2_cameraConfig.cmake
[18.997s] -- Symlinking: /home/chengwsam/ros2_ws/src/install/realsense2_camera/share/realsense2_camera/cmake/realsense2_cameraConfig-version.cmake
[19.005s] -- Symlinking: /home/chengwsam/ros2_ws/src/install/realsense2_camera/share/realsense2_camera/package.xml
[19.014s] Invoked command in '/home/chengwsam/ros2_ws/src/build/realsense2_camera' returned '0': AMENT_PREFIX_PATH=/home/chengwsam/ros2_ws/src/install/realsense2_camera_msgs:${AMENT_PREFIX_PATH} CMAKE_PREFIX_PATH=/home/chengwsam/ros2_ws/src/install/realsense2_camera_msgs:/home/chengwsam/ros2_ws/install/topic_tools:/home/chengwsam/ros2_ws/install/topic_tools_interfaces:/home/chengwsam/ros2_ws/install/realsense2_description:/home/chengwsam/ros2_ws/install/realsense2_camera:/home/chengwsam/ros2_ws/install/realsense2_camera_msgs:/home/chengwsam/ros2_ws/install/koch_moveit_config:/home/chengwsam/ws_moveit/install/robotiq_hardware_tests:/home/chengwsam/ws_moveit/install/robotiq_driver:/home/chengwsam/ws_moveit/install/serial:/home/chengwsam/ws_moveit/install/moveit2_tutorials:/home/chengwsam/ws_moveit/install/moveit_visual_tools:/home/chengwsam/ws_moveit/install/rviz_visual_tools:/home/chengwsam/ws_moveit/install/moveit_task_constructor_visualization:/home/chengwsam/ws_moveit/install/moveit_task_constructor_demo:/home/chengwsam/ws_moveit/install/moveit_task_constructor_capabilities:/home/chengwsam/ws_moveit/install/moveit_task_constructor_core:/home/chengwsam/ws_moveit/install/rviz_marker_tools:/home/chengwsam/ws_moveit/install/kortex_bringup:/home/chengwsam/ws_moveit/install/kinova_gen3_lite_moveit_config:/home/chengwsam/ws_moveit/install/kinova_gen3_7dof_robotiq_2f_85_moveit_config:/home/chengwsam/ws_moveit/install/kinova_gen3_6dof_robotiq_2f_85_moveit_config:/home/chengwsam/ws_moveit/install/kortex_description:/home/chengwsam/ws_moveit/install/robotiq_description:/home/chengwsam/ws_moveit/install/robotiq_controllers:/home/chengwsam/ws_moveit/install/pilz_industrial_motion_planner_testutils:/home/chengwsam/ws_moveit/install/moveit_runtime:/home/chengwsam/ws_moveit/install/moveit:/home/chengwsam/ws_moveit/install/moveit_planners:/home/chengwsam/ws_moveit/install/pilz_industrial_motion_planner:/home/chengwsam/ws_moveit/install/moveit_task_constructor_msgs:/home/chengwsam/ws_moveit/install/moveit_ros_control_interface:/home/chengwsam/ws_moveit/install/moveit_plugins:/home/chengwsam/ws_moveit/install/moveit_simple_controller_manager:/home/chengwsam/ws_moveit/install/moveit_setup_assistant:/home/chengwsam/ws_moveit/install/moveit_setup_srdf_plugins:/home/chengwsam/ws_moveit/install/moveit_setup_core_plugins:/home/chengwsam/ws_moveit/install/moveit_setup_controllers:/home/chengwsam/ws_moveit/install/moveit_setup_app_plugins:/home/chengwsam/ws_moveit/install/moveit_setup_framework:/home/chengwsam/ws_moveit/install/moveit_servo:/home/chengwsam/ws_moveit/install/moveit_ros_trajectory_cache:/home/chengwsam/ws_moveit/install/moveit_ros:/home/chengwsam/ws_moveit/install/moveit_ros_visualization:/home/chengwsam/ws_moveit/install/moveit_py:/home/chengwsam/ws_moveit/install/moveit_hybrid_planning:/home/chengwsam/ws_moveit/install/moveit_ros_planning_interface:/home/chengwsam/ws_moveit/install/moveit_ros_benchmarks:/home/chengwsam/ws_moveit/install/moveit_ros_warehouse:/home/chengwsam/ws_moveit/install/moveit_ros_robot_interaction:/home/chengwsam/ws_moveit/install/moveit_ros_perception:/home/chengwsam/ws_moveit/install/moveit_resources_prbt_pg70_support:/home/chengwsam/ws_moveit/install/moveit_resources_prbt_moveit_config:/home/chengwsam/ws_moveit/install/moveit_ros_move_group:/home/chengwsam/ws_moveit/install/moveit_planners_ompl:/home/chengwsam/ws_moveit/install/moveit_kinematics:/home/chengwsam/ws_moveit/install/moveit_ros_planning:/home/chengwsam/ws_moveit/install/moveit_ros_occupancy_map_monitor:/home/chengwsam/ws_moveit/install/moveit_resources_prbt_support:/home/chengwsam/ws_moveit/install/moveit_resources_prbt_ikfast_manipulator_plugin:/home/chengwsam/ws_moveit/install/moveit_resources:/home/chengwsam/ws_moveit/install/moveit_resources_pr2_description:/home/chengwsam/ws_moveit/install/moveit_resources_panda_moveit_config:/home/chengwsam/ws_moveit/install/dual_arm_panda_moveit_config:/home/chengwsam/ws_moveit/install/moveit_resources_panda_description:/home/chengwsam/ws_moveit/install/moveit_resources_fanuc_moveit_config:/home/chengwsam/ws_moveit/install/moveit_resources_fanuc_description:/home/chengwsam/ws_moveit/install/moveit_planners_stomp:/home/chengwsam/ws_moveit/install/moveit_planners_chomp:/home/chengwsam/ws_moveit/install/chomp_motion_planner:/home/chengwsam/ws_moveit/install/moveit_core:/home/chengwsam/ws_moveit/install/moveit_msgs:/home/chengwsam/ws_moveit/install/moveit_common:/home/chengwsam/ws_moveit/install/kortex_driver:/home/chengwsam/ws_moveit/install/kortex_api:/home/chengwsam/ws_moveit/install/apriltag_msgs:/home/chengwsam/ros2_ws/install/koch_simulation:/home/chengwsam/ros2_ws/install/koch_ros2_wrapper:/home/chengwsam/ros2_ws/install/hand_teleop_demo:/home/chengwsam/ws_moveit/install/moveit_configs_utils:/opt/ros/humble LD_LIBRARY_PATH=/home/chengwsam/ros2_ws/src/install/realsense2_camera_msgs/lib:${LD_LIBRARY_PATH} PYTHONPATH=/home/chengwsam/ros2_ws/src/install/realsense2_camera_msgs/local/lib/python3.10/dist-packages:${PYTHONPATH} /usr/bin/cmake --install /home/chengwsam/ros2_ws/src/build/realsense2_camera
