running develop
running egg_info
creating hand_teleop_demo.egg-info
writing hand_teleop_demo.egg-info/PKG-INFO
writing dependency_links to hand_teleop_demo.egg-info/dependency_links.txt
writing entry points to hand_teleop_demo.egg-info/entry_points.txt
writing requirements to hand_teleop_demo.egg-info/requires.txt
writing top-level names to hand_teleop_demo.egg-info/top_level.txt
writing manifest file 'hand_teleop_demo.egg-info/SOURCES.txt'
reading manifest file 'hand_teleop_demo.egg-info/SOURCES.txt'
writing manifest file 'hand_teleop_demo.egg-info/SOURCES.txt'
running build_ext
Creating /home/chengwsam/ros2_ws/src/install/hand_teleop_demo/lib/python3.10/site-packages/hand-teleop-demo.egg-link (link to .)

Installed /home/chengwsam/ros2_ws/src/build/hand_teleop_demo
running symlink_data
creating /home/chengwsam/ros2_ws/src/install/hand_teleop_demo/share/ament_index
creating /home/chengwsam/ros2_ws/src/install/hand_teleop_demo/share/ament_index/resource_index
creating /home/chengwsam/ros2_ws/src/install/hand_teleop_demo/share/ament_index/resource_index/packages
symbolically linking /home/chengwsam/ros2_ws/src/build/hand_teleop_demo/resource/hand_teleop_demo -> /home/chengwsam/ros2_ws/src/install/hand_teleop_demo/share/ament_index/resource_index/packages
symbolically linking /home/chengwsam/ros2_ws/src/build/hand_teleop_demo/package.xml -> /home/chengwsam/ros2_ws/src/install/hand_teleop_demo/share/hand_teleop_demo
creating /home/chengwsam/ros2_ws/src/install/hand_teleop_demo/share/hand_teleop_demo/launch
symbolically linking /home/chengwsam/ros2_ws/src/build/hand_teleop_demo/launch/run_perception_only.launch.py -> /home/chengwsam/ros2_ws/src/install/hand_teleop_demo/share/hand_teleop_demo/launch
symbolically linking /home/chengwsam/ros2_ws/src/build/hand_teleop_demo/launch/bringup_min.launch.py -> /home/chengwsam/ros2_ws/src/install/hand_teleop_demo/share/hand_teleop_demo/launch
symbolically linking /home/chengwsam/ros2_ws/src/build/hand_teleop_demo/launch/cam_static_tf.launch.py -> /home/chengwsam/ros2_ws/src/install/hand_teleop_demo/share/hand_teleop_demo/launch
