[0.835s] Invoking command in '/home/chengwsam/ros2_ws/src/build/hand_teleop_demo': PYTHONPATH=/home/chengwsam/ros2_ws/src/build/hand_teleop_demo/prefix_override:/usr/lib/python3/dist-packages/colcon_core/task/python/colcon_distutils_commands:/home/chengwsam/ros2_ws/src/install/hand_teleop_demo/lib/python3.10/site-packages:${PYTHONPATH} /usr/bin/python3 -W ignore:setup.py install is deprecated -W ignore:easy_install command is deprecated setup.py develop --editable --build-directory /home/chengwsam/ros2_ws/src/build/hand_teleop_demo/build --no-deps symlink_data
[0.996s] running develop
[1.110s] running egg_info
[1.110s] creating hand_teleop_demo.egg-info
[1.110s] writing hand_teleop_demo.egg-info/PKG-INFO
[1.110s] writing dependency_links to hand_teleop_demo.egg-info/dependency_links.txt
[1.111s] writing entry points to hand_teleop_demo.egg-info/entry_points.txt
[1.111s] writing requirements to hand_teleop_demo.egg-info/requires.txt
[1.111s] writing top-level names to hand_teleop_demo.egg-info/top_level.txt
[1.111s] writing manifest file 'hand_teleop_demo.egg-info/SOURCES.txt'
[1.112s] reading manifest file 'hand_teleop_demo.egg-info/SOURCES.txt'
[1.112s] writing manifest file 'hand_teleop_demo.egg-info/SOURCES.txt'
[1.113s] running build_ext
[1.113s] Creating /home/chengwsam/ros2_ws/src/install/hand_teleop_demo/lib/python3.10/site-packages/hand-teleop-demo.egg-link (link to .)
[1.114s] 
[1.114s] Installed /home/chengwsam/ros2_ws/src/build/hand_teleop_demo
[1.114s] running symlink_data
[1.114s] creating /home/chengwsam/ros2_ws/src/install/hand_teleop_demo/share/ament_index
[1.114s] creating /home/chengwsam/ros2_ws/src/install/hand_teleop_demo/share/ament_index/resource_index
[1.114s] creating /home/chengwsam/ros2_ws/src/install/hand_teleop_demo/share/ament_index/resource_index/packages
[1.114s] symbolically linking /home/chengwsam/ros2_ws/src/build/hand_teleop_demo/resource/hand_teleop_demo -> /home/chengwsam/ros2_ws/src/install/hand_teleop_demo/share/ament_index/resource_index/packages
[1.114s] symbolically linking /home/chengwsam/ros2_ws/src/build/hand_teleop_demo/package.xml -> /home/chengwsam/ros2_ws/src/install/hand_teleop_demo/share/hand_teleop_demo
[1.114s] creating /home/chengwsam/ros2_ws/src/install/hand_teleop_demo/share/hand_teleop_demo/launch
[1.114s] symbolically linking /home/chengwsam/ros2_ws/src/build/hand_teleop_demo/launch/run_perception_only.launch.py -> /home/chengwsam/ros2_ws/src/install/hand_teleop_demo/share/hand_teleop_demo/launch
[1.114s] symbolically linking /home/chengwsam/ros2_ws/src/build/hand_teleop_demo/launch/bringup_min.launch.py -> /home/chengwsam/ros2_ws/src/install/hand_teleop_demo/share/hand_teleop_demo/launch
[1.114s] symbolically linking /home/chengwsam/ros2_ws/src/build/hand_teleop_demo/launch/cam_static_tf.launch.py -> /home/chengwsam/ros2_ws/src/install/hand_teleop_demo/share/hand_teleop_demo/launch
[1.137s] Invoked command in '/home/chengwsam/ros2_ws/src/build/hand_teleop_demo' returned '0': PYTHONPATH=/home/chengwsam/ros2_ws/src/build/hand_teleop_demo/prefix_override:/usr/lib/python3/dist-packages/colcon_core/task/python/colcon_distutils_commands:/home/chengwsam/ros2_ws/src/install/hand_teleop_demo/lib/python3.10/site-packages:${PYTHONPATH} /usr/bin/python3 -W ignore:setup.py install is deprecated -W ignore:easy_install command is deprecated setup.py develop --editable --build-directory /home/chengwsam/ros2_ws/src/build/hand_teleop_demo/build --no-deps symlink_data
