[0.188s] Invoking command in '/home/chengwsam/ros2_ws/src/build/topic_tools_interfaces': CMAKE_PREFIX_PATH=${CMAKE_PREFIX_PATH}:/home/chengwsam/ros2_ws/install/koch_simulation:/home/chengwsam/ros2_ws/install/koch_ros2_wrapper:/home/chengwsam/ros2_ws/install/hand_teleop_demo:/home/chengwsam/ws_moveit/install/moveit_configs_utils:/opt/ros/humble /usr/bin/cmake /home/chengwsam/ros2_ws/src/topic_tools/topic_tools_interfaces -DAMENT_CMAKE_SYMLINK_INSTALL=1 -DCMAKE_INSTALL_PREFIX=/home/chengwsam/ros2_ws/src/install/topic_tools_interfaces
[0.370s] -- The C compiler identification is GNU 11.4.0
[0.371s] -- The CXX compiler identification is GNU 11.4.0
[0.371s] -- Detecting C compiler ABI info
[0.371s] -- Detecting C compiler ABI info - done
[0.371s] -- Check for working C compiler: /usr/bin/cc - skipped
[0.371s] -- Detecting C compile features
[0.371s] -- Detecting C compile features - done
[0.371s] -- Detecting CXX compiler ABI info
[0.426s] -- Detecting CXX compiler ABI info - done
[0.430s] -- Check for working CXX compiler: /usr/bin/c++ - skipped
[0.430s] -- Detecting CXX compile features
[0.431s] -- Detecting CXX compile features - done
[0.435s] -- Found ament_cmake_auto: 1.3.12 (/opt/ros/humble/share/ament_cmake_auto/cmake)
[0.565s] -- Found Python3: /usr/bin/python3 (found version "3.10.12") found components: Interpreter 
[0.611s] -- Override CMake install command with custom implementation using symlinks instead of copying resources
[0.740s] -- Using all available rosidl_typesupport_c: rosidl_typesupport_fastrtps_c;rosidl_typesupport_introspection_c
[0.752s] -- Found rosidl_adapter: 3.1.7 (/opt/ros/humble/share/rosidl_adapter/cmake)
[0.805s] -- Using all available rosidl_typesupport_cpp: rosidl_typesupport_fastrtps_cpp;rosidl_typesupport_introspection_cpp
[1.033s] -- Found ament_cmake_ros: 0.10.0 (/opt/ros/humble/share/ament_cmake_ros/cmake)
[1.210s] -- Using all available rosidl_typesupport_c: rosidl_typesupport_fastrtps_c;rosidl_typesupport_introspection_c
[1.386s] -- Using all available rosidl_typesupport_cpp: rosidl_typesupport_fastrtps_cpp;rosidl_typesupport_introspection_cpp
[1.404s] -- Found PythonInterp: /usr/bin/python3 (found suitable version "3.10.12", minimum required is "3.6") 
[1.408s] -- Found python_cmake_module: 0.10.0 (/opt/ros/humble/share/python_cmake_module/cmake)
[1.435s] -- Found PythonLibs: /usr/lib/x86_64-linux-gnu/libpython3.10.so (found suitable version "3.10.12", minimum required is "3.5") 
[1.436s] -- Using PYTHON_EXECUTABLE: /usr/bin/python3
[1.436s] -- Using PYTHON_INCLUDE_DIRS: /usr/include/python3.10
[1.436s] -- Using PYTHON_LIBRARIES: /usr/lib/x86_64-linux-gnu/libpython3.10.so
[1.453s] -- Found PythonExtra: .so  
[1.512s] -- Found ament_lint_auto: 0.12.14 (/opt/ros/humble/share/ament_lint_auto/cmake)
[1.560s] -- Added test 'copyright' to check source files copyright and LICENSE
[1.562s] -- Added test 'lint_cmake' to check CMake code style
[1.563s] -- Added test 'xmllint' to check XML markup files
[1.567s] -- Configuring done
[1.585s] -- Generating done
[1.591s] -- Build files have been written to: /home/chengwsam/ros2_ws/src/build/topic_tools_interfaces
[1.595s] Invoked command in '/home/chengwsam/ros2_ws/src/build/topic_tools_interfaces' returned '0': CMAKE_PREFIX_PATH=${CMAKE_PREFIX_PATH}:/home/chengwsam/ros2_ws/install/koch_simulation:/home/chengwsam/ros2_ws/install/koch_ros2_wrapper:/home/chengwsam/ros2_ws/install/hand_teleop_demo:/home/chengwsam/ws_moveit/install/moveit_configs_utils:/opt/ros/humble /usr/bin/cmake /home/chengwsam/ros2_ws/src/topic_tools/topic_tools_interfaces -DAMENT_CMAKE_SYMLINK_INSTALL=1 -DCMAKE_INSTALL_PREFIX=/home/chengwsam/ros2_ws/src/install/topic_tools_interfaces
[1.596s] Invoking command in '/home/chengwsam/ros2_ws/src/build/topic_tools_interfaces': CMAKE_PREFIX_PATH=${CMAKE_PREFIX_PATH}:/home/chengwsam/ros2_ws/install/koch_simulation:/home/chengwsam/ros2_ws/install/koch_ros2_wrapper:/home/chengwsam/ros2_ws/install/hand_teleop_demo:/home/chengwsam/ws_moveit/install/moveit_configs_utils:/opt/ros/humble /usr/bin/cmake --build /home/chengwsam/ros2_ws/src/build/topic_tools_interfaces -- -j20 -l20
[1.638s] [  1%] [34m[1mGenerating C code for ROS interfaces[0m
[1.647s] [  3%] [34m[1mGenerating C++ code for ROS interfaces[0m
[1.657s] [  3%] Built target ament_cmake_python_symlink_topic_tools_interfaces
[1.810s] running egg_info
[1.810s] creating topic_tools_interfaces.egg-info
[1.810s] writing topic_tools_interfaces.egg-info/PKG-INFO
[1.810s] writing dependency_links to topic_tools_interfaces.egg-info/dependency_links.txt
[1.810s] writing top-level names to topic_tools_interfaces.egg-info/top_level.txt
[1.810s] writing manifest file 'topic_tools_interfaces.egg-info/SOURCES.txt'
[1.812s] reading manifest file 'topic_tools_interfaces.egg-info/SOURCES.txt'
[1.812s] writing manifest file 'topic_tools_interfaces.egg-info/SOURCES.txt'
[1.833s] [  3%] Built target ament_cmake_python_build_topic_tools_interfaces_egg
[1.926s] [  3%] Built target topic_tools_interfaces__cpp
[1.929s] [  7%] [32mBuilding C object CMakeFiles/topic_tools_interfaces__rosidl_generator_c.dir/rosidl_generator_c/topic_tools_interfaces/srv/detail/mux_delete__functions.c.o[0m
[1.929s] [  7%] [32mBuilding C object CMakeFiles/topic_tools_interfaces__rosidl_generator_c.dir/rosidl_generator_c/topic_tools_interfaces/srv/detail/mux_select__functions.c.o[0m
[1.931s] [  9%] [32mBuilding C object CMakeFiles/topic_tools_interfaces__rosidl_generator_c.dir/rosidl_generator_c/topic_tools_interfaces/srv/detail/mux_list__functions.c.o[0m
[1.932s] [ 10%] [32mBuilding C object CMakeFiles/topic_tools_interfaces__rosidl_generator_c.dir/rosidl_generator_c/topic_tools_interfaces/srv/detail/mux_add__functions.c.o[0m
[1.935s] [ 12%] [34m[1mGenerating C++ introspection for ROS interfaces[0m
[1.935s] [ 14%] [34m[1mGenerating C++ type support dispatch for ROS interfaces[0m
[1.936s] [ 16%] [34m[1mGenerating C++ type support for eProsima Fast-RTPS[0m
[2.000s] [ 18%] [32m[1mLinking C shared library libtopic_tools_interfaces__rosidl_generator_c.so[0m
[2.041s] [ 18%] Built target topic_tools_interfaces__rosidl_generator_c
[2.053s] [ 20%] [34m[1mGenerating C type support dispatch for ROS interfaces[0m
[2.055s] [ 21%] [34m[1mGenerating C introspection for ROS interfaces[0m
[2.056s] [ 23%] [34m[1mGenerating C type support for eProsima Fast-RTPS[0m
[2.217s] [ 27%] [32mBuilding CXX object CMakeFiles/topic_tools_interfaces__rosidl_typesupport_cpp.dir/rosidl_typesupport_cpp/topic_tools_interfaces/srv/mux_add__type_support.cpp.o[0m
[2.217s] [ 27%] [32mBuilding CXX object CMakeFiles/topic_tools_interfaces__rosidl_typesupport_cpp.dir/rosidl_typesupport_cpp/topic_tools_interfaces/srv/mux_list__type_support.cpp.o[0m
[2.221s] [ 29%] [32mBuilding CXX object CMakeFiles/topic_tools_interfaces__rosidl_typesupport_cpp.dir/rosidl_typesupport_cpp/topic_tools_interfaces/srv/mux_delete__type_support.cpp.o[0m
[2.221s] [ 30%] [32mBuilding CXX object CMakeFiles/topic_tools_interfaces__rosidl_typesupport_cpp.dir/rosidl_typesupport_cpp/topic_tools_interfaces/srv/mux_select__type_support.cpp.o[0m
[2.226s] [ 34%] [32mBuilding CXX object CMakeFiles/topic_tools_interfaces__rosidl_typesupport_fastrtps_cpp.dir/rosidl_typesupport_fastrtps_cpp/topic_tools_interfaces/srv/detail/dds_fastrtps/mux_add__type_support.cpp.o[0m
[2.226s] [ 34%] [32mBuilding CXX object CMakeFiles/topic_tools_interfaces__rosidl_typesupport_fastrtps_cpp.dir/rosidl_typesupport_fastrtps_cpp/topic_tools_interfaces/srv/detail/dds_fastrtps/mux_list__type_support.cpp.o[0m
[2.226s] [ 36%] [32mBuilding CXX object CMakeFiles/topic_tools_interfaces__rosidl_typesupport_fastrtps_cpp.dir/rosidl_typesupport_fastrtps_cpp/topic_tools_interfaces/srv/detail/dds_fastrtps/mux_delete__type_support.cpp.o[0m
[2.231s] [ 38%] [32mBuilding CXX object CMakeFiles/topic_tools_interfaces__rosidl_typesupport_fastrtps_cpp.dir/rosidl_typesupport_fastrtps_cpp/topic_tools_interfaces/srv/detail/dds_fastrtps/mux_select__type_support.cpp.o[0m
[2.334s] [ 40%] [32mBuilding CXX object CMakeFiles/topic_tools_interfaces__rosidl_typesupport_c.dir/rosidl_typesupport_c/topic_tools_interfaces/srv/mux_select__type_support.cpp.o[0m
[2.334s] [ 41%] [32mBuilding CXX object CMakeFiles/topic_tools_interfaces__rosidl_typesupport_c.dir/rosidl_typesupport_c/topic_tools_interfaces/srv/mux_add__type_support.cpp.o[0m
[2.334s] [ 43%] [32mBuilding CXX object CMakeFiles/topic_tools_interfaces__rosidl_typesupport_c.dir/rosidl_typesupport_c/topic_tools_interfaces/srv/mux_delete__type_support.cpp.o[0m
[2.334s] [ 45%] [32mBuilding CXX object CMakeFiles/topic_tools_interfaces__rosidl_typesupport_c.dir/rosidl_typesupport_c/topic_tools_interfaces/srv/mux_list__type_support.cpp.o[0m
[2.380s] [ 47%] [32m[1mLinking CXX shared library libtopic_tools_interfaces__rosidl_typesupport_c.so[0m
[2.387s] [ 49%] [32mBuilding C object CMakeFiles/topic_tools_interfaces__rosidl_typesupport_introspection_c.dir/rosidl_typesupport_introspection_c/topic_tools_interfaces/srv/detail/mux_add__type_support.c.o[0m
[2.387s] [ 50%] [32mBuilding C object CMakeFiles/topic_tools_interfaces__rosidl_typesupport_introspection_c.dir/rosidl_typesupport_introspection_c/topic_tools_interfaces/srv/detail/mux_select__type_support.c.o[0m
[2.387s] [ 54%] [32mBuilding C object CMakeFiles/topic_tools_interfaces__rosidl_typesupport_introspection_c.dir/rosidl_typesupport_introspection_c/topic_tools_interfaces/srv/detail/mux_list__type_support.c.o[0m
[2.388s] [ 54%] [32mBuilding C object CMakeFiles/topic_tools_interfaces__rosidl_typesupport_introspection_c.dir/rosidl_typesupport_introspection_c/topic_tools_interfaces/srv/detail/mux_delete__type_support.c.o[0m
[2.393s] [ 58%] [32mBuilding CXX object CMakeFiles/topic_tools_interfaces__rosidl_typesupport_introspection_cpp.dir/rosidl_typesupport_introspection_cpp/topic_tools_interfaces/srv/detail/mux_add__type_support.cpp.o[0m
[2.393s] [ 58%] [32mBuilding CXX object CMakeFiles/topic_tools_interfaces__rosidl_typesupport_introspection_cpp.dir/rosidl_typesupport_introspection_cpp/topic_tools_interfaces/srv/detail/mux_select__type_support.cpp.o[0m
[2.393s] [ 60%] [32mBuilding CXX object CMakeFiles/topic_tools_interfaces__rosidl_typesupport_introspection_cpp.dir/rosidl_typesupport_introspection_cpp/topic_tools_interfaces/srv/detail/mux_delete__type_support.cpp.o[0m
[2.394s] [ 61%] [32mBuilding CXX object CMakeFiles/topic_tools_interfaces__rosidl_typesupport_introspection_cpp.dir/rosidl_typesupport_introspection_cpp/topic_tools_interfaces/srv/detail/mux_list__type_support.cpp.o[0m
[2.410s] [ 63%] [32mBuilding CXX object CMakeFiles/topic_tools_interfaces__rosidl_typesupport_fastrtps_c.dir/rosidl_typesupport_fastrtps_c/topic_tools_interfaces/srv/detail/mux_list__type_support_c.cpp.o[0m
[2.412s] [ 65%] [32mBuilding CXX object CMakeFiles/topic_tools_interfaces__rosidl_typesupport_fastrtps_c.dir/rosidl_typesupport_fastrtps_c/topic_tools_interfaces/srv/detail/mux_add__type_support_c.cpp.o[0m
[2.417s] [ 67%] [32mBuilding CXX object CMakeFiles/topic_tools_interfaces__rosidl_typesupport_fastrtps_c.dir/rosidl_typesupport_fastrtps_c/topic_tools_interfaces/srv/detail/mux_delete__type_support_c.cpp.o[0m
[2.437s] [ 69%] [32mBuilding CXX object CMakeFiles/topic_tools_interfaces__rosidl_typesupport_fastrtps_c.dir/rosidl_typesupport_fastrtps_c/topic_tools_interfaces/srv/detail/mux_select__type_support_c.cpp.o[0m
[2.445s] [ 69%] Built target topic_tools_interfaces__rosidl_typesupport_c
[2.454s] [ 70%] [32m[1mLinking C shared library libtopic_tools_interfaces__rosidl_typesupport_introspection_c.so[0m
[2.502s] [ 70%] Built target topic_tools_interfaces__rosidl_typesupport_introspection_c
[2.564s] [ 72%] [32m[1mLinking CXX shared library libtopic_tools_interfaces__rosidl_typesupport_cpp.so[0m
[2.631s] [ 72%] Built target topic_tools_interfaces__rosidl_typesupport_cpp
[2.749s] [ 74%] [32m[1mLinking CXX shared library libtopic_tools_interfaces__rosidl_typesupport_fastrtps_cpp.so[0m
[2.827s] [ 74%] Built target topic_tools_interfaces__rosidl_typesupport_fastrtps_cpp
[2.851s] [ 76%] [32m[1mLinking CXX shared library libtopic_tools_interfaces__rosidl_typesupport_fastrtps_c.so[0m
[2.871s] [ 78%] [32m[1mLinking CXX shared library libtopic_tools_interfaces__rosidl_typesupport_introspection_cpp.so[0m
[2.920s] [ 78%] Built target topic_tools_interfaces__rosidl_typesupport_fastrtps_c
[2.941s] [ 78%] Built target topic_tools_interfaces__rosidl_typesupport_introspection_cpp
[2.967s] [ 78%] Built target topic_tools_interfaces
[2.991s] [ 80%] [34m[1mGenerating Python code for ROS interfaces[0m
[3.897s] [ 80%] Built target topic_tools_interfaces__py
[3.931s] [ 83%] [32mBuilding C object CMakeFiles/topic_tools_interfaces__rosidl_generator_py.dir/rosidl_generator_py/topic_tools_interfaces/srv/_mux_add_s.c.o[0m
[3.931s] [ 83%] [32mBuilding C object CMakeFiles/topic_tools_interfaces__rosidl_generator_py.dir/rosidl_generator_py/topic_tools_interfaces/srv/_mux_delete_s.c.o[0m
[3.933s] [ 85%] [32mBuilding C object CMakeFiles/topic_tools_interfaces__rosidl_generator_py.dir/rosidl_generator_py/topic_tools_interfaces/srv/_mux_select_s.c.o[0m
[3.941s] [ 87%] [32mBuilding C object CMakeFiles/topic_tools_interfaces__rosidl_generator_py.dir/rosidl_generator_py/topic_tools_interfaces/srv/_mux_list_s.c.o[0m
[4.090s] [ 89%] [32m[1mLinking C shared library rosidl_generator_py/topic_tools_interfaces/libtopic_tools_interfaces__rosidl_generator_py.so[0m
[4.132s] [ 89%] Built target topic_tools_interfaces__rosidl_generator_py
[4.160s] [ 90%] [32mBuilding C object CMakeFiles/topic_tools_interfaces__rosidl_typesupport_introspection_c__pyext.dir/rosidl_generator_py/topic_tools_interfaces/_topic_tools_interfaces_s.ep.rosidl_typesupport_introspection_c.c.o[0m
[4.165s] [ 92%] [32mBuilding C object CMakeFiles/topic_tools_interfaces__rosidl_typesupport_c__pyext.dir/rosidl_generator_py/topic_tools_interfaces/_topic_tools_interfaces_s.ep.rosidl_typesupport_c.c.o[0m
[4.165s] [ 94%] [32mBuilding C object CMakeFiles/topic_tools_interfaces__rosidl_typesupport_fastrtps_c__pyext.dir/rosidl_generator_py/topic_tools_interfaces/_topic_tools_interfaces_s.ep.rosidl_typesupport_fastrtps_c.c.o[0m
[4.239s] [ 96%] [32m[1mLinking C shared library rosidl_generator_py/topic_tools_interfaces/topic_tools_interfaces_s__rosidl_typesupport_introspection_c.cpython-310-x86_64-linux-gnu.so[0m
[4.247s] [ 98%] [32m[1mLinking C shared library rosidl_generator_py/topic_tools_interfaces/topic_tools_interfaces_s__rosidl_typesupport_c.cpython-310-x86_64-linux-gnu.so[0m
[4.259s] [100%] [32m[1mLinking C shared library rosidl_generator_py/topic_tools_interfaces/topic_tools_interfaces_s__rosidl_typesupport_fastrtps_c.cpython-310-x86_64-linux-gnu.so[0m
[4.273s] [100%] Built target topic_tools_interfaces__rosidl_typesupport_introspection_c__pyext
[4.276s] [100%] Built target topic_tools_interfaces__rosidl_typesupport_c__pyext
[4.294s] [100%] Built target topic_tools_interfaces__rosidl_typesupport_fastrtps_c__pyext
[4.304s] Invoked command in '/home/chengwsam/ros2_ws/src/build/topic_tools_interfaces' returned '0': CMAKE_PREFIX_PATH=${CMAKE_PREFIX_PATH}:/home/chengwsam/ros2_ws/install/koch_simulation:/home/chengwsam/ros2_ws/install/koch_ros2_wrapper:/home/chengwsam/ros2_ws/install/hand_teleop_demo:/home/chengwsam/ws_moveit/install/moveit_configs_utils:/opt/ros/humble /usr/bin/cmake --build /home/chengwsam/ros2_ws/src/build/topic_tools_interfaces -- -j20 -l20
[4.305s] Invoking command in '/home/chengwsam/ros2_ws/src/build/topic_tools_interfaces': CMAKE_PREFIX_PATH=${CMAKE_PREFIX_PATH}:/home/chengwsam/ros2_ws/install/koch_simulation:/home/chengwsam/ros2_ws/install/koch_ros2_wrapper:/home/chengwsam/ros2_ws/install/hand_teleop_demo:/home/chengwsam/ws_moveit/install/moveit_configs_utils:/opt/ros/humble /usr/bin/cmake --install /home/chengwsam/ros2_ws/src/build/topic_tools_interfaces
[4.313s] -- Install configuration: ""
[4.314s] -- Execute custom install script
[4.314s] -- Symlinking: /home/chengwsam/ros2_ws/src/install/topic_tools_interfaces/share/ament_index/resource_index/rosidl_interfaces/topic_tools_interfaces
[4.323s] -- Symlinking: /home/chengwsam/ros2_ws/src/install/topic_tools_interfaces/include/topic_tools_interfaces/topic_tools_interfaces/msg/rosidl_generator_c__visibility_control.h
[4.329s] -- Symlinking: /home/chengwsam/ros2_ws/src/install/topic_tools_interfaces/include/topic_tools_interfaces/topic_tools_interfaces/srv/detail/mux_add__functions.h
[4.338s] -- Symlinking: /home/chengwsam/ros2_ws/src/install/topic_tools_interfaces/include/topic_tools_interfaces/topic_tools_interfaces/srv/detail/mux_add__struct.h
[4.346s] -- Symlinking: /home/chengwsam/ros2_ws/src/install/topic_tools_interfaces/include/topic_tools_interfaces/topic_tools_interfaces/srv/detail/mux_add__type_support.h
[4.354s] -- Symlinking: /home/chengwsam/ros2_ws/src/install/topic_tools_interfaces/include/topic_tools_interfaces/topic_tools_interfaces/srv/detail/mux_delete__functions.h
[4.361s] -- Symlinking: /home/chengwsam/ros2_ws/src/install/topic_tools_interfaces/include/topic_tools_interfaces/topic_tools_interfaces/srv/detail/mux_delete__struct.h
[4.367s] -- Symlinking: /home/chengwsam/ros2_ws/src/install/topic_tools_interfaces/include/topic_tools_interfaces/topic_tools_interfaces/srv/detail/mux_delete__type_support.h
[4.375s] -- Symlinking: /home/chengwsam/ros2_ws/src/install/topic_tools_interfaces/include/topic_tools_interfaces/topic_tools_interfaces/srv/detail/mux_list__functions.h
[4.381s] -- Symlinking: /home/chengwsam/ros2_ws/src/install/topic_tools_interfaces/include/topic_tools_interfaces/topic_tools_interfaces/srv/detail/mux_list__struct.h
[4.388s] -- Symlinking: /home/chengwsam/ros2_ws/src/install/topic_tools_interfaces/include/topic_tools_interfaces/topic_tools_interfaces/srv/detail/mux_list__type_support.h
[4.395s] -- Symlinking: /home/chengwsam/ros2_ws/src/install/topic_tools_interfaces/include/topic_tools_interfaces/topic_tools_interfaces/srv/detail/mux_select__functions.h
[4.401s] -- Symlinking: /home/chengwsam/ros2_ws/src/install/topic_tools_interfaces/include/topic_tools_interfaces/topic_tools_interfaces/srv/detail/mux_select__struct.h
[4.408s] -- Symlinking: /home/chengwsam/ros2_ws/src/install/topic_tools_interfaces/include/topic_tools_interfaces/topic_tools_interfaces/srv/detail/mux_select__type_support.h
[4.418s] -- Symlinking: /home/chengwsam/ros2_ws/src/install/topic_tools_interfaces/include/topic_tools_interfaces/topic_tools_interfaces/srv/mux_add.h
[4.424s] -- Symlinking: /home/chengwsam/ros2_ws/src/install/topic_tools_interfaces/include/topic_tools_interfaces/topic_tools_interfaces/srv/mux_delete.h
[4.431s] -- Symlinking: /home/chengwsam/ros2_ws/src/install/topic_tools_interfaces/include/topic_tools_interfaces/topic_tools_interfaces/srv/mux_list.h
[4.437s] -- Symlinking: /home/chengwsam/ros2_ws/src/install/topic_tools_interfaces/include/topic_tools_interfaces/topic_tools_interfaces/srv/mux_select.h
[4.443s] -- Symlinking: /home/chengwsam/ros2_ws/src/install/topic_tools_interfaces/share/topic_tools_interfaces/environment/library_path.sh
[4.450s] -- Symlinking: /home/chengwsam/ros2_ws/src/install/topic_tools_interfaces/share/topic_tools_interfaces/environment/library_path.dsv
[4.457s] -- Symlinking: /home/chengwsam/ros2_ws/src/install/topic_tools_interfaces/include/topic_tools_interfaces/topic_tools_interfaces/msg/rosidl_typesupport_fastrtps_c__visibility_control.h
[4.463s] -- Symlinking: /home/chengwsam/ros2_ws/src/install/topic_tools_interfaces/include/topic_tools_interfaces/topic_tools_interfaces/srv/detail/mux_add__rosidl_typesupport_fastrtps_c.h
[4.469s] -- Symlinking: /home/chengwsam/ros2_ws/src/install/topic_tools_interfaces/include/topic_tools_interfaces/topic_tools_interfaces/srv/detail/mux_delete__rosidl_typesupport_fastrtps_c.h
[4.476s] -- Symlinking: /home/chengwsam/ros2_ws/src/install/topic_tools_interfaces/include/topic_tools_interfaces/topic_tools_interfaces/srv/detail/mux_list__rosidl_typesupport_fastrtps_c.h
[4.483s] -- Symlinking: /home/chengwsam/ros2_ws/src/install/topic_tools_interfaces/include/topic_tools_interfaces/topic_tools_interfaces/srv/detail/mux_select__rosidl_typesupport_fastrtps_c.h
[4.489s] -- Symlinking: /home/chengwsam/ros2_ws/src/install/topic_tools_interfaces/include/topic_tools_interfaces/topic_tools_interfaces/msg/rosidl_typesupport_introspection_c__visibility_control.h
[4.495s] -- Symlinking: /home/chengwsam/ros2_ws/src/install/topic_tools_interfaces/include/topic_tools_interfaces/topic_tools_interfaces/srv/detail/mux_add__rosidl_typesupport_introspection_c.h
[4.502s] -- Symlinking: /home/chengwsam/ros2_ws/src/install/topic_tools_interfaces/include/topic_tools_interfaces/topic_tools_interfaces/srv/detail/mux_delete__rosidl_typesupport_introspection_c.h
[4.508s] -- Symlinking: /home/chengwsam/ros2_ws/src/install/topic_tools_interfaces/include/topic_tools_interfaces/topic_tools_interfaces/srv/detail/mux_list__rosidl_typesupport_introspection_c.h
[4.514s] -- Symlinking: /home/chengwsam/ros2_ws/src/install/topic_tools_interfaces/include/topic_tools_interfaces/topic_tools_interfaces/srv/detail/mux_select__rosidl_typesupport_introspection_c.h
[4.522s] -- Symlinking: /home/chengwsam/ros2_ws/src/install/topic_tools_interfaces/include/topic_tools_interfaces/topic_tools_interfaces/msg/rosidl_generator_cpp__visibility_control.hpp
[4.529s] -- Symlinking: /home/chengwsam/ros2_ws/src/install/topic_tools_interfaces/include/topic_tools_interfaces/topic_tools_interfaces/srv/detail/mux_add__builder.hpp
[4.535s] -- Symlinking: /home/chengwsam/ros2_ws/src/install/topic_tools_interfaces/include/topic_tools_interfaces/topic_tools_interfaces/srv/detail/mux_add__struct.hpp
[4.541s] -- Symlinking: /home/chengwsam/ros2_ws/src/install/topic_tools_interfaces/include/topic_tools_interfaces/topic_tools_interfaces/srv/detail/mux_add__traits.hpp
[4.548s] -- Symlinking: /home/chengwsam/ros2_ws/src/install/topic_tools_interfaces/include/topic_tools_interfaces/topic_tools_interfaces/srv/detail/mux_add__type_support.hpp
[4.555s] -- Symlinking: /home/chengwsam/ros2_ws/src/install/topic_tools_interfaces/include/topic_tools_interfaces/topic_tools_interfaces/srv/detail/mux_delete__builder.hpp
[4.561s] -- Symlinking: /home/chengwsam/ros2_ws/src/install/topic_tools_interfaces/include/topic_tools_interfaces/topic_tools_interfaces/srv/detail/mux_delete__struct.hpp
[4.567s] -- Symlinking: /home/chengwsam/ros2_ws/src/install/topic_tools_interfaces/include/topic_tools_interfaces/topic_tools_interfaces/srv/detail/mux_delete__traits.hpp
[4.574s] -- Symlinking: /home/chengwsam/ros2_ws/src/install/topic_tools_interfaces/include/topic_tools_interfaces/topic_tools_interfaces/srv/detail/mux_delete__type_support.hpp
[4.582s] -- Symlinking: /home/chengwsam/ros2_ws/src/install/topic_tools_interfaces/include/topic_tools_interfaces/topic_tools_interfaces/srv/detail/mux_list__builder.hpp
[4.588s] -- Symlinking: /home/chengwsam/ros2_ws/src/install/topic_tools_interfaces/include/topic_tools_interfaces/topic_tools_interfaces/srv/detail/mux_list__struct.hpp
[4.595s] -- Symlinking: /home/chengwsam/ros2_ws/src/install/topic_tools_interfaces/include/topic_tools_interfaces/topic_tools_interfaces/srv/detail/mux_list__traits.hpp
[4.604s] -- Symlinking: /home/chengwsam/ros2_ws/src/install/topic_tools_interfaces/include/topic_tools_interfaces/topic_tools_interfaces/srv/detail/mux_list__type_support.hpp
[4.612s] -- Symlinking: /home/chengwsam/ros2_ws/src/install/topic_tools_interfaces/include/topic_tools_interfaces/topic_tools_interfaces/srv/detail/mux_select__builder.hpp
[4.621s] -- Symlinking: /home/chengwsam/ros2_ws/src/install/topic_tools_interfaces/include/topic_tools_interfaces/topic_tools_interfaces/srv/detail/mux_select__struct.hpp
[4.628s] -- Symlinking: /home/chengwsam/ros2_ws/src/install/topic_tools_interfaces/include/topic_tools_interfaces/topic_tools_interfaces/srv/detail/mux_select__traits.hpp
[4.635s] -- Symlinking: /home/chengwsam/ros2_ws/src/install/topic_tools_interfaces/include/topic_tools_interfaces/topic_tools_interfaces/srv/detail/mux_select__type_support.hpp
[4.643s] -- Symlinking: /home/chengwsam/ros2_ws/src/install/topic_tools_interfaces/include/topic_tools_interfaces/topic_tools_interfaces/srv/mux_add.hpp
[4.652s] -- Symlinking: /home/chengwsam/ros2_ws/src/install/topic_tools_interfaces/include/topic_tools_interfaces/topic_tools_interfaces/srv/mux_delete.hpp
[4.659s] -- Symlinking: /home/chengwsam/ros2_ws/src/install/topic_tools_interfaces/include/topic_tools_interfaces/topic_tools_interfaces/srv/mux_list.hpp
[4.666s] -- Symlinking: /home/chengwsam/ros2_ws/src/install/topic_tools_interfaces/include/topic_tools_interfaces/topic_tools_interfaces/srv/mux_select.hpp
[4.674s] -- Symlinking: /home/chengwsam/ros2_ws/src/install/topic_tools_interfaces/include/topic_tools_interfaces/topic_tools_interfaces/msg/rosidl_typesupport_fastrtps_cpp__visibility_control.h
[4.682s] -- Symlinking: /home/chengwsam/ros2_ws/src/install/topic_tools_interfaces/include/topic_tools_interfaces/topic_tools_interfaces/srv/detail/mux_add__rosidl_typesupport_fastrtps_cpp.hpp
[4.689s] -- Symlinking: /home/chengwsam/ros2_ws/src/install/topic_tools_interfaces/include/topic_tools_interfaces/topic_tools_interfaces/srv/detail/mux_delete__rosidl_typesupport_fastrtps_cpp.hpp
[4.695s] -- Symlinking: /home/chengwsam/ros2_ws/src/install/topic_tools_interfaces/include/topic_tools_interfaces/topic_tools_interfaces/srv/detail/mux_list__rosidl_typesupport_fastrtps_cpp.hpp
[4.702s] -- Symlinking: /home/chengwsam/ros2_ws/src/install/topic_tools_interfaces/include/topic_tools_interfaces/topic_tools_interfaces/srv/detail/mux_select__rosidl_typesupport_fastrtps_cpp.hpp
[4.709s] -- Symlinking: /home/chengwsam/ros2_ws/src/install/topic_tools_interfaces/include/topic_tools_interfaces/topic_tools_interfaces/srv/detail/mux_add__rosidl_typesupport_introspection_cpp.hpp
[4.716s] -- Symlinking: /home/chengwsam/ros2_ws/src/install/topic_tools_interfaces/include/topic_tools_interfaces/topic_tools_interfaces/srv/detail/mux_delete__rosidl_typesupport_introspection_cpp.hpp
[4.723s] -- Symlinking: /home/chengwsam/ros2_ws/src/install/topic_tools_interfaces/include/topic_tools_interfaces/topic_tools_interfaces/srv/detail/mux_list__rosidl_typesupport_introspection_cpp.hpp
[4.730s] -- Symlinking: /home/chengwsam/ros2_ws/src/install/topic_tools_interfaces/include/topic_tools_interfaces/topic_tools_interfaces/srv/detail/mux_select__rosidl_typesupport_introspection_cpp.hpp
[4.737s] -- Symlinking: /home/chengwsam/ros2_ws/src/install/topic_tools_interfaces/share/topic_tools_interfaces/environment/pythonpath.sh
[4.744s] -- Symlinking: /home/chengwsam/ros2_ws/src/install/topic_tools_interfaces/share/topic_tools_interfaces/environment/pythonpath.dsv
[4.750s] -- Symlinking: /home/chengwsam/ros2_ws/src/install/topic_tools_interfaces/local/lib/python3.10/dist-packages/topic_tools_interfaces-1.1.1-py3.10.egg-info/PKG-INFO
[4.757s] -- Symlinking: /home/chengwsam/ros2_ws/src/install/topic_tools_interfaces/local/lib/python3.10/dist-packages/topic_tools_interfaces-1.1.1-py3.10.egg-info/SOURCES.txt
[4.766s] -- Symlinking: /home/chengwsam/ros2_ws/src/install/topic_tools_interfaces/local/lib/python3.10/dist-packages/topic_tools_interfaces-1.1.1-py3.10.egg-info/dependency_links.txt
[4.773s] -- Symlinking: /home/chengwsam/ros2_ws/src/install/topic_tools_interfaces/local/lib/python3.10/dist-packages/topic_tools_interfaces-1.1.1-py3.10.egg-info/top_level.txt
[4.779s] -- Symlinking: /home/chengwsam/ros2_ws/src/install/topic_tools_interfaces/local/lib/python3.10/dist-packages/topic_tools_interfaces/__init__.py
[4.786s] -- Symlinking: /home/chengwsam/ros2_ws/src/install/topic_tools_interfaces/local/lib/python3.10/dist-packages/topic_tools_interfaces/_topic_tools_interfaces_s.ep.rosidl_typesupport_c.c
[4.792s] -- Symlinking: /home/chengwsam/ros2_ws/src/install/topic_tools_interfaces/local/lib/python3.10/dist-packages/topic_tools_interfaces/_topic_tools_interfaces_s.ep.rosidl_typesupport_fastrtps_c.c
[4.799s] -- Symlinking: /home/chengwsam/ros2_ws/src/install/topic_tools_interfaces/local/lib/python3.10/dist-packages/topic_tools_interfaces/_topic_tools_interfaces_s.ep.rosidl_typesupport_introspection_c.c
[4.807s] -- Symlinking: /home/chengwsam/ros2_ws/src/install/topic_tools_interfaces/local/lib/python3.10/dist-packages/topic_tools_interfaces/libtopic_tools_interfaces__rosidl_generator_py.so
[4.813s] -- Symlinking: /home/chengwsam/ros2_ws/src/install/topic_tools_interfaces/local/lib/python3.10/dist-packages/topic_tools_interfaces/srv/__init__.py
[4.819s] -- Symlinking: /home/chengwsam/ros2_ws/src/install/topic_tools_interfaces/local/lib/python3.10/dist-packages/topic_tools_interfaces/srv/_mux_add.py
[4.829s] -- Symlinking: /home/chengwsam/ros2_ws/src/install/topic_tools_interfaces/local/lib/python3.10/dist-packages/topic_tools_interfaces/srv/_mux_add_s.c
[4.836s] -- Symlinking: /home/chengwsam/ros2_ws/src/install/topic_tools_interfaces/local/lib/python3.10/dist-packages/topic_tools_interfaces/srv/_mux_delete.py
[4.842s] -- Symlinking: /home/chengwsam/ros2_ws/src/install/topic_tools_interfaces/local/lib/python3.10/dist-packages/topic_tools_interfaces/srv/_mux_delete_s.c
[4.849s] -- Symlinking: /home/chengwsam/ros2_ws/src/install/topic_tools_interfaces/local/lib/python3.10/dist-packages/topic_tools_interfaces/srv/_mux_list.py
[4.858s] -- Symlinking: /home/chengwsam/ros2_ws/src/install/topic_tools_interfaces/local/lib/python3.10/dist-packages/topic_tools_interfaces/srv/_mux_list_s.c
[4.865s] -- Symlinking: /home/chengwsam/ros2_ws/src/install/topic_tools_interfaces/local/lib/python3.10/dist-packages/topic_tools_interfaces/srv/_mux_select.py
[4.871s] -- Symlinking: /home/chengwsam/ros2_ws/src/install/topic_tools_interfaces/local/lib/python3.10/dist-packages/topic_tools_interfaces/srv/_mux_select_s.c
[4.879s] -- Symlinking: /home/chengwsam/ros2_ws/src/install/topic_tools_interfaces/local/lib/python3.10/dist-packages/topic_tools_interfaces/topic_tools_interfaces_s__rosidl_typesupport_c.cpython-310-x86_64-linux-gnu.so
[4.888s] -- Symlinking: /home/chengwsam/ros2_ws/src/install/topic_tools_interfaces/local/lib/python3.10/dist-packages/topic_tools_interfaces/topic_tools_interfaces_s__rosidl_typesupport_fastrtps_c.cpython-310-x86_64-linux-gnu.so
[4.894s] -- Symlinking: /home/chengwsam/ros2_ws/src/install/topic_tools_interfaces/local/lib/python3.10/dist-packages/topic_tools_interfaces/topic_tools_interfaces_s__rosidl_typesupport_introspection_c.cpython-310-x86_64-linux-gnu.so
[4.901s] -- Up-to-date symlink: /home/chengwsam/ros2_ws/src/install/topic_tools_interfaces/local/lib/python3.10/dist-packages/topic_tools_interfaces/topic_tools_interfaces_s__rosidl_typesupport_fastrtps_c.cpython-310-x86_64-linux-gnu.so
[4.901s] -- Up-to-date symlink: /home/chengwsam/ros2_ws/src/install/topic_tools_interfaces/local/lib/python3.10/dist-packages/topic_tools_interfaces/topic_tools_interfaces_s__rosidl_typesupport_introspection_c.cpython-310-x86_64-linux-gnu.so
[4.901s] -- Up-to-date symlink: /home/chengwsam/ros2_ws/src/install/topic_tools_interfaces/local/lib/python3.10/dist-packages/topic_tools_interfaces/topic_tools_interfaces_s__rosidl_typesupport_c.cpython-310-x86_64-linux-gnu.so
[4.901s] -- Symlinking: /home/chengwsam/ros2_ws/src/install/topic_tools_interfaces/share/topic_tools_interfaces/srv/MuxAdd.idl
[4.909s] -- Symlinking: /home/chengwsam/ros2_ws/src/install/topic_tools_interfaces/share/topic_tools_interfaces/srv/MuxDelete.idl
[4.918s] -- Symlinking: /home/chengwsam/ros2_ws/src/install/topic_tools_interfaces/share/topic_tools_interfaces/srv/MuxList.idl
[4.925s] -- Symlinking: /home/chengwsam/ros2_ws/src/install/topic_tools_interfaces/share/topic_tools_interfaces/srv/MuxSelect.idl
[4.932s] -- Symlinking: /home/chengwsam/ros2_ws/src/install/topic_tools_interfaces/share/topic_tools_interfaces/srv/MuxAdd.srv
[4.940s] -- Symlinking: /home/chengwsam/ros2_ws/src/install/topic_tools_interfaces/share/topic_tools_interfaces/srv/MuxAdd_Request.msg
[4.949s] -- Symlinking: /home/chengwsam/ros2_ws/src/install/topic_tools_interfaces/share/topic_tools_interfaces/srv/MuxAdd_Response.msg
[4.955s] -- Symlinking: /home/chengwsam/ros2_ws/src/install/topic_tools_interfaces/share/topic_tools_interfaces/srv/MuxDelete.srv
[4.961s] -- Symlinking: /home/chengwsam/ros2_ws/src/install/topic_tools_interfaces/share/topic_tools_interfaces/srv/MuxDelete_Request.msg
[4.970s] -- Symlinking: /home/chengwsam/ros2_ws/src/install/topic_tools_interfaces/share/topic_tools_interfaces/srv/MuxDelete_Response.msg
[4.977s] -- Symlinking: /home/chengwsam/ros2_ws/src/install/topic_tools_interfaces/share/topic_tools_interfaces/srv/MuxList.srv
[4.985s] -- Symlinking: /home/chengwsam/ros2_ws/src/install/topic_tools_interfaces/share/topic_tools_interfaces/srv/MuxList_Request.msg
[4.992s] -- Symlinking: /home/chengwsam/ros2_ws/src/install/topic_tools_interfaces/share/topic_tools_interfaces/srv/MuxList_Response.msg
[5.000s] -- Symlinking: /home/chengwsam/ros2_ws/src/install/topic_tools_interfaces/share/topic_tools_interfaces/srv/MuxSelect.srv
[5.008s] -- Symlinking: /home/chengwsam/ros2_ws/src/install/topic_tools_interfaces/share/topic_tools_interfaces/srv/MuxSelect_Request.msg
[5.016s] -- Symlinking: /home/chengwsam/ros2_ws/src/install/topic_tools_interfaces/share/topic_tools_interfaces/srv/MuxSelect_Response.msg
[5.023s] -- Symlinking: /home/chengwsam/ros2_ws/src/install/topic_tools_interfaces/share/ament_index/resource_index/package_run_dependencies/topic_tools_interfaces
[5.031s] -- Symlinking: /home/chengwsam/ros2_ws/src/install/topic_tools_interfaces/share/ament_index/resource_index/parent_prefix_path/topic_tools_interfaces
[5.039s] -- Symlinking: /home/chengwsam/ros2_ws/src/install/topic_tools_interfaces/share/topic_tools_interfaces/environment/ament_prefix_path.sh
[5.047s] -- Symlinking: /home/chengwsam/ros2_ws/src/install/topic_tools_interfaces/share/topic_tools_interfaces/environment/ament_prefix_path.dsv
[5.054s] -- Symlinking: /home/chengwsam/ros2_ws/src/install/topic_tools_interfaces/share/topic_tools_interfaces/environment/path.sh
[5.060s] -- Symlinking: /home/chengwsam/ros2_ws/src/install/topic_tools_interfaces/share/topic_tools_interfaces/environment/path.dsv
[5.066s] -- Symlinking: /home/chengwsam/ros2_ws/src/install/topic_tools_interfaces/share/topic_tools_interfaces/local_setup.bash
[5.073s] -- Symlinking: /home/chengwsam/ros2_ws/src/install/topic_tools_interfaces/share/topic_tools_interfaces/local_setup.sh
[5.079s] -- Symlinking: /home/chengwsam/ros2_ws/src/install/topic_tools_interfaces/share/topic_tools_interfaces/local_setup.zsh
[5.087s] -- Symlinking: /home/chengwsam/ros2_ws/src/install/topic_tools_interfaces/share/topic_tools_interfaces/local_setup.dsv
[5.096s] -- Symlinking: /home/chengwsam/ros2_ws/src/install/topic_tools_interfaces/share/topic_tools_interfaces/package.dsv
[5.105s] -- Symlinking: /home/chengwsam/ros2_ws/src/install/topic_tools_interfaces/share/ament_index/resource_index/packages/topic_tools_interfaces
[5.114s] -- Symlinking: /home/chengwsam/ros2_ws/src/install/topic_tools_interfaces/share/topic_tools_interfaces/cmake/rosidl_cmake-extras.cmake
[5.121s] -- Symlinking: /home/chengwsam/ros2_ws/src/install/topic_tools_interfaces/share/topic_tools_interfaces/cmake/ament_cmake_export_dependencies-extras.cmake
[5.131s] -- Symlinking: /home/chengwsam/ros2_ws/src/install/topic_tools_interfaces/share/topic_tools_interfaces/cmake/ament_cmake_export_include_directories-extras.cmake
[5.137s] -- Symlinking: /home/chengwsam/ros2_ws/src/install/topic_tools_interfaces/share/topic_tools_interfaces/cmake/ament_cmake_export_libraries-extras.cmake
[5.144s] -- Symlinking: /home/chengwsam/ros2_ws/src/install/topic_tools_interfaces/share/topic_tools_interfaces/cmake/ament_cmake_export_targets-extras.cmake
[5.152s] -- Symlinking: /home/chengwsam/ros2_ws/src/install/topic_tools_interfaces/share/topic_tools_interfaces/cmake/rosidl_cmake_export_typesupport_targets-extras.cmake
[5.162s] -- Symlinking: /home/chengwsam/ros2_ws/src/install/topic_tools_interfaces/share/topic_tools_interfaces/cmake/rosidl_cmake_export_typesupport_libraries-extras.cmake
[5.171s] -- Symlinking: /home/chengwsam/ros2_ws/src/install/topic_tools_interfaces/share/topic_tools_interfaces/cmake/topic_tools_interfacesConfig.cmake
[5.179s] -- Symlinking: /home/chengwsam/ros2_ws/src/install/topic_tools_interfaces/share/topic_tools_interfaces/cmake/topic_tools_interfacesConfig-version.cmake
[5.188s] -- Symlinking: /home/chengwsam/ros2_ws/src/install/topic_tools_interfaces/share/topic_tools_interfaces/package.xml
[5.194s] -- Installing: /home/chengwsam/ros2_ws/src/install/topic_tools_interfaces/lib/libtopic_tools_interfaces__rosidl_generator_c.so
[5.194s] -- Set runtime path of "/home/chengwsam/ros2_ws/src/install/topic_tools_interfaces/lib/libtopic_tools_interfaces__rosidl_generator_c.so" to ""
[5.195s] -- Installing: /home/chengwsam/ros2_ws/src/install/topic_tools_interfaces/lib/libtopic_tools_interfaces__rosidl_typesupport_fastrtps_c.so
[5.195s] -- Set runtime path of "/home/chengwsam/ros2_ws/src/install/topic_tools_interfaces/lib/libtopic_tools_interfaces__rosidl_typesupport_fastrtps_c.so" to ""
[5.195s] -- Installing: /home/chengwsam/ros2_ws/src/install/topic_tools_interfaces/lib/libtopic_tools_interfaces__rosidl_typesupport_introspection_c.so
[5.195s] -- Set runtime path of "/home/chengwsam/ros2_ws/src/install/topic_tools_interfaces/lib/libtopic_tools_interfaces__rosidl_typesupport_introspection_c.so" to ""
[5.195s] -- Installing: /home/chengwsam/ros2_ws/src/install/topic_tools_interfaces/lib/libtopic_tools_interfaces__rosidl_typesupport_c.so
[5.195s] -- Set runtime path of "/home/chengwsam/ros2_ws/src/install/topic_tools_interfaces/lib/libtopic_tools_interfaces__rosidl_typesupport_c.so" to ""
[5.195s] -- Installing: /home/chengwsam/ros2_ws/src/install/topic_tools_interfaces/lib/libtopic_tools_interfaces__rosidl_typesupport_fastrtps_cpp.so
[5.195s] -- Set runtime path of "/home/chengwsam/ros2_ws/src/install/topic_tools_interfaces/lib/libtopic_tools_interfaces__rosidl_typesupport_fastrtps_cpp.so" to ""
[5.195s] -- Installing: /home/chengwsam/ros2_ws/src/install/topic_tools_interfaces/lib/libtopic_tools_interfaces__rosidl_typesupport_introspection_cpp.so
[5.195s] -- Set runtime path of "/home/chengwsam/ros2_ws/src/install/topic_tools_interfaces/lib/libtopic_tools_interfaces__rosidl_typesupport_introspection_cpp.so" to ""
[5.195s] -- Installing: /home/chengwsam/ros2_ws/src/install/topic_tools_interfaces/lib/libtopic_tools_interfaces__rosidl_typesupport_cpp.so
[5.195s] -- Set runtime path of "/home/chengwsam/ros2_ws/src/install/topic_tools_interfaces/lib/libtopic_tools_interfaces__rosidl_typesupport_cpp.so" to ""
[5.225s] Listing '/home/chengwsam/ros2_ws/src/install/topic_tools_interfaces/local/lib/python3.10/dist-packages/topic_tools_interfaces'...
[5.225s] Compiling '/home/chengwsam/ros2_ws/src/install/topic_tools_interfaces/local/lib/python3.10/dist-packages/topic_tools_interfaces/__init__.py'...
[5.225s] Listing '/home/chengwsam/ros2_ws/src/install/topic_tools_interfaces/local/lib/python3.10/dist-packages/topic_tools_interfaces/srv'...
[5.225s] Compiling '/home/chengwsam/ros2_ws/src/install/topic_tools_interfaces/local/lib/python3.10/dist-packages/topic_tools_interfaces/srv/__init__.py'...
[5.225s] Compiling '/home/chengwsam/ros2_ws/src/install/topic_tools_interfaces/local/lib/python3.10/dist-packages/topic_tools_interfaces/srv/_mux_add.py'...
[5.225s] Compiling '/home/chengwsam/ros2_ws/src/install/topic_tools_interfaces/local/lib/python3.10/dist-packages/topic_tools_interfaces/srv/_mux_delete.py'...
[5.225s] Compiling '/home/chengwsam/ros2_ws/src/install/topic_tools_interfaces/local/lib/python3.10/dist-packages/topic_tools_interfaces/srv/_mux_list.py'...
[5.225s] Compiling '/home/chengwsam/ros2_ws/src/install/topic_tools_interfaces/local/lib/python3.10/dist-packages/topic_tools_interfaces/srv/_mux_select.py'...
[5.229s] -- Installing: /home/chengwsam/ros2_ws/src/install/topic_tools_interfaces/lib/libtopic_tools_interfaces__rosidl_generator_py.so
[5.230s] -- Set runtime path of "/home/chengwsam/ros2_ws/src/install/topic_tools_interfaces/lib/libtopic_tools_interfaces__rosidl_generator_py.so" to ""
[5.230s] -- Installing: /home/chengwsam/ros2_ws/src/install/topic_tools_interfaces/share/topic_tools_interfaces/cmake/export_topic_tools_interfaces__rosidl_generator_cExport.cmake
[5.230s] -- Installing: /home/chengwsam/ros2_ws/src/install/topic_tools_interfaces/share/topic_tools_interfaces/cmake/export_topic_tools_interfaces__rosidl_generator_cExport-noconfig.cmake
[5.230s] -- Installing: /home/chengwsam/ros2_ws/src/install/topic_tools_interfaces/share/topic_tools_interfaces/cmake/export_topic_tools_interfaces__rosidl_typesupport_fastrtps_cExport.cmake
[5.230s] -- Installing: /home/chengwsam/ros2_ws/src/install/topic_tools_interfaces/share/topic_tools_interfaces/cmake/export_topic_tools_interfaces__rosidl_typesupport_fastrtps_cExport-noconfig.cmake
[5.230s] -- Installing: /home/chengwsam/ros2_ws/src/install/topic_tools_interfaces/share/topic_tools_interfaces/cmake/topic_tools_interfaces__rosidl_typesupport_introspection_cExport.cmake
[5.230s] -- Installing: /home/chengwsam/ros2_ws/src/install/topic_tools_interfaces/share/topic_tools_interfaces/cmake/topic_tools_interfaces__rosidl_typesupport_introspection_cExport-noconfig.cmake
[5.230s] -- Installing: /home/chengwsam/ros2_ws/src/install/topic_tools_interfaces/share/topic_tools_interfaces/cmake/topic_tools_interfaces__rosidl_typesupport_cExport.cmake
[5.230s] -- Installing: /home/chengwsam/ros2_ws/src/install/topic_tools_interfaces/share/topic_tools_interfaces/cmake/topic_tools_interfaces__rosidl_typesupport_cExport-noconfig.cmake
[5.231s] -- Installing: /home/chengwsam/ros2_ws/src/install/topic_tools_interfaces/share/topic_tools_interfaces/cmake/export_topic_tools_interfaces__rosidl_generator_cppExport.cmake
[5.231s] -- Installing: /home/chengwsam/ros2_ws/src/install/topic_tools_interfaces/share/topic_tools_interfaces/cmake/export_topic_tools_interfaces__rosidl_typesupport_fastrtps_cppExport.cmake
[5.231s] -- Installing: /home/chengwsam/ros2_ws/src/install/topic_tools_interfaces/share/topic_tools_interfaces/cmake/export_topic_tools_interfaces__rosidl_typesupport_fastrtps_cppExport-noconfig.cmake
[5.231s] -- Installing: /home/chengwsam/ros2_ws/src/install/topic_tools_interfaces/share/topic_tools_interfaces/cmake/topic_tools_interfaces__rosidl_typesupport_introspection_cppExport.cmake
[5.231s] -- Installing: /home/chengwsam/ros2_ws/src/install/topic_tools_interfaces/share/topic_tools_interfaces/cmake/topic_tools_interfaces__rosidl_typesupport_introspection_cppExport-noconfig.cmake
[5.231s] -- Installing: /home/chengwsam/ros2_ws/src/install/topic_tools_interfaces/share/topic_tools_interfaces/cmake/topic_tools_interfaces__rosidl_typesupport_cppExport.cmake
[5.231s] -- Installing: /home/chengwsam/ros2_ws/src/install/topic_tools_interfaces/share/topic_tools_interfaces/cmake/topic_tools_interfaces__rosidl_typesupport_cppExport-noconfig.cmake
[5.231s] -- Installing: /home/chengwsam/ros2_ws/src/install/topic_tools_interfaces/share/topic_tools_interfaces/cmake/export_topic_tools_interfaces__rosidl_generator_pyExport.cmake
[5.232s] -- Installing: /home/chengwsam/ros2_ws/src/install/topic_tools_interfaces/share/topic_tools_interfaces/cmake/export_topic_tools_interfaces__rosidl_generator_pyExport-noconfig.cmake
[5.234s] Invoked command in '/home/chengwsam/ros2_ws/src/build/topic_tools_interfaces' returned '0': CMAKE_PREFIX_PATH=${CMAKE_PREFIX_PATH}:/home/chengwsam/ros2_ws/install/koch_simulation:/home/chengwsam/ros2_ws/install/koch_ros2_wrapper:/home/chengwsam/ros2_ws/install/hand_teleop_demo:/home/chengwsam/ws_moveit/install/moveit_configs_utils:/opt/ros/humble /usr/bin/cmake --install /home/chengwsam/ros2_ws/src/build/topic_tools_interfaces
