/usr/lib/python3/dist-packages/setuptools/dist.py:723: UserWarning: Usage of dash-separated 'script-dir' will not be supported in future versions. Please use the underscore name 'script_dir' instead
  warnings.warn(
running develop
running egg_info
creating koch_simulation.egg-info
writing koch_simulation.egg-info/PKG-INFO
writing dependency_links to koch_simulation.egg-info/dependency_links.txt
writing entry points to koch_simulation.egg-info/entry_points.txt
writing requirements to koch_simulation.egg-info/requires.txt
writing top-level names to koch_simulation.egg-info/top_level.txt
writing manifest file 'koch_simulation.egg-info/SOURCES.txt'
reading manifest file 'koch_simulation.egg-info/SOURCES.txt'
writing manifest file 'koch_simulation.egg-info/SOURCES.txt'
running build_ext
Creating /home/chengwsam/ros2_ws/src/install/koch_simulation/lib/python3.10/site-packages/koch-simulation.egg-link (link to .)

Installed /home/chengwsam/ros2_ws/src/build/koch_simulation
running symlink_data
creating /home/chengwsam/ros2_ws/src/install/koch_simulation/share/ament_index
creating /home/chengwsam/ros2_ws/src/install/koch_simulation/share/ament_index/resource_index
creating /home/chengwsam/ros2_ws/src/install/koch_simulation/share/ament_index/resource_index/packages
symbolically linking /home/chengwsam/ros2_ws/src/build/koch_simulation/resource/koch_simulation -> /home/chengwsam/ros2_ws/src/install/koch_simulation/share/ament_index/resource_index/packages
symbolically linking /home/chengwsam/ros2_ws/src/build/koch_simulation/package.xml -> /home/chengwsam/ros2_ws/src/install/koch_simulation/share/koch_simulation
creating /home/chengwsam/ros2_ws/src/install/koch_simulation/share/koch_simulation/launch
symbolically linking /home/chengwsam/ros2_ws/src/build/koch_simulation/launch/display.launch.py -> /home/chengwsam/ros2_ws/src/install/koch_simulation/share/koch_simulation/launch
symbolically linking /home/chengwsam/ros2_ws/src/build/koch_simulation/launch/gazebo.launch.py -> /home/chengwsam/ros2_ws/src/install/koch_simulation/share/koch_simulation/launch
creating /home/chengwsam/ros2_ws/src/install/koch_simulation/share/koch_simulation/urdf
symbolically linking /home/chengwsam/ros2_ws/src/build/koch_simulation/urdf/low_cost_robot.urdf -> /home/chengwsam/ros2_ws/src/install/koch_simulation/share/koch_simulation/urdf
symbolically linking /home/chengwsam/ros2_ws/src/build/koch_simulation/urdf/low_cost_robot.xacro -> /home/chengwsam/ros2_ws/src/install/koch_simulation/share/koch_simulation/urdf
symbolically linking /home/chengwsam/ros2_ws/src/build/koch_simulation/urdf/koch.urdf -> /home/chengwsam/ros2_ws/src/install/koch_simulation/share/koch_simulation/urdf
symbolically linking /home/chengwsam/ros2_ws/src/build/koch_simulation/urdf/materials.xacro -> /home/chengwsam/ros2_ws/src/install/koch_simulation/share/koch_simulation/urdf
symbolically linking /home/chengwsam/ros2_ws/src/build/koch_simulation/urdf/low_cost_robot.gazebo -> /home/chengwsam/ros2_ws/src/install/koch_simulation/share/koch_simulation/urdf
symbolically linking /home/chengwsam/ros2_ws/src/build/koch_simulation/urdf/low_cost_robot.trans -> /home/chengwsam/ros2_ws/src/install/koch_simulation/share/koch_simulation/urdf
creating /home/chengwsam/ros2_ws/src/install/koch_simulation/share/koch_simulation/meshes
symbolically linking /home/chengwsam/ros2_ws/src/build/koch_simulation/meshes/link3_1.stl -> /home/chengwsam/ros2_ws/src/install/koch_simulation/share/koch_simulation/meshes
symbolically linking /home/chengwsam/ros2_ws/src/build/koch_simulation/meshes/base_link.stl -> /home/chengwsam/ros2_ws/src/install/koch_simulation/share/koch_simulation/meshes
symbolically linking /home/chengwsam/ros2_ws/src/build/koch_simulation/meshes/link4_1.stl -> /home/chengwsam/ros2_ws/src/install/koch_simulation/share/koch_simulation/meshes
symbolically linking /home/chengwsam/ros2_ws/src/build/koch_simulation/meshes/gripper_moving_1.stl -> /home/chengwsam/ros2_ws/src/install/koch_simulation/share/koch_simulation/meshes
symbolically linking /home/chengwsam/ros2_ws/src/build/koch_simulation/meshes/link1_1.stl -> /home/chengwsam/ros2_ws/src/install/koch_simulation/share/koch_simulation/meshes
symbolically linking /home/chengwsam/ros2_ws/src/build/koch_simulation/meshes/link2_1.stl -> /home/chengwsam/ros2_ws/src/install/koch_simulation/share/koch_simulation/meshes
symbolically linking /home/chengwsam/ros2_ws/src/build/koch_simulation/meshes/gripper_static_1.stl -> /home/chengwsam/ros2_ws/src/install/koch_simulation/share/koch_simulation/meshes
creating /home/chengwsam/ros2_ws/src/install/koch_simulation/share/koch_simulation/config
symbolically linking /home/chengwsam/ros2_ws/src/build/koch_simulation/config/display.rviz -> /home/chengwsam/ros2_ws/src/install/koch_simulation/share/koch_simulation/config
