[0.842s] Invoking command in '/home/chengwsam/ros2_ws/src/build/koch_simulation': PYTHONPATH=/home/chengwsam/ros2_ws/src/build/koch_simulation/prefix_override:/usr/lib/python3/dist-packages/colcon_core/task/python/colcon_distutils_commands:/home/chengwsam/ros2_ws/src/install/koch_simulation/lib/python3.10/site-packages:${PYTHONPATH} /usr/bin/python3 -W ignore:setup.py install is deprecated -W ignore:easy_install command is deprecated setup.py develop --editable --build-directory /home/chengwsam/ros2_ws/src/build/koch_simulation/build --no-deps symlink_data
[1.002s] /usr/lib/python3/dist-packages/setuptools/dist.py:723: UserWarning: Usage of dash-separated 'script-dir' will not be supported in future versions. Please use the underscore name 'script_dir' instead
[1.002s]   warnings.warn(
[1.021s] running develop
[1.121s] running egg_info
[1.121s] creating koch_simulation.egg-info
[1.121s] writing koch_simulation.egg-info/PKG-INFO
[1.122s] writing dependency_links to koch_simulation.egg-info/dependency_links.txt
[1.122s] writing entry points to koch_simulation.egg-info/entry_points.txt
[1.122s] writing requirements to koch_simulation.egg-info/requires.txt
[1.122s] writing top-level names to koch_simulation.egg-info/top_level.txt
[1.122s] writing manifest file 'koch_simulation.egg-info/SOURCES.txt'
[1.123s] reading manifest file 'koch_simulation.egg-info/SOURCES.txt'
[1.123s] writing manifest file 'koch_simulation.egg-info/SOURCES.txt'
[1.124s] running build_ext
[1.124s] Creating /home/chengwsam/ros2_ws/src/install/koch_simulation/lib/python3.10/site-packages/koch-simulation.egg-link (link to .)
[1.125s] 
[1.125s] Installed /home/chengwsam/ros2_ws/src/build/koch_simulation
[1.125s] running symlink_data
[1.125s] creating /home/chengwsam/ros2_ws/src/install/koch_simulation/share/ament_index
[1.125s] creating /home/chengwsam/ros2_ws/src/install/koch_simulation/share/ament_index/resource_index
[1.125s] creating /home/chengwsam/ros2_ws/src/install/koch_simulation/share/ament_index/resource_index/packages
[1.125s] symbolically linking /home/chengwsam/ros2_ws/src/build/koch_simulation/resource/koch_simulation -> /home/chengwsam/ros2_ws/src/install/koch_simulation/share/ament_index/resource_index/packages
[1.125s] symbolically linking /home/chengwsam/ros2_ws/src/build/koch_simulation/package.xml -> /home/chengwsam/ros2_ws/src/install/koch_simulation/share/koch_simulation
[1.125s] creating /home/chengwsam/ros2_ws/src/install/koch_simulation/share/koch_simulation/launch
[1.125s] symbolically linking /home/chengwsam/ros2_ws/src/build/koch_simulation/launch/display.launch.py -> /home/chengwsam/ros2_ws/src/install/koch_simulation/share/koch_simulation/launch
[1.125s] symbolically linking /home/chengwsam/ros2_ws/src/build/koch_simulation/launch/gazebo.launch.py -> /home/chengwsam/ros2_ws/src/install/koch_simulation/share/koch_simulation/launch
[1.125s] creating /home/chengwsam/ros2_ws/src/install/koch_simulation/share/koch_simulation/urdf
[1.125s] symbolically linking /home/chengwsam/ros2_ws/src/build/koch_simulation/urdf/low_cost_robot.urdf -> /home/chengwsam/ros2_ws/src/install/koch_simulation/share/koch_simulation/urdf
[1.125s] symbolically linking /home/chengwsam/ros2_ws/src/build/koch_simulation/urdf/low_cost_robot.xacro -> /home/chengwsam/ros2_ws/src/install/koch_simulation/share/koch_simulation/urdf
[1.125s] symbolically linking /home/chengwsam/ros2_ws/src/build/koch_simulation/urdf/koch.urdf -> /home/chengwsam/ros2_ws/src/install/koch_simulation/share/koch_simulation/urdf
[1.125s] symbolically linking /home/chengwsam/ros2_ws/src/build/koch_simulation/urdf/materials.xacro -> /home/chengwsam/ros2_ws/src/install/koch_simulation/share/koch_simulation/urdf
[1.126s] symbolically linking /home/chengwsam/ros2_ws/src/build/koch_simulation/urdf/low_cost_robot.gazebo -> /home/chengwsam/ros2_ws/src/install/koch_simulation/share/koch_simulation/urdf
[1.126s] symbolically linking /home/chengwsam/ros2_ws/src/build/koch_simulation/urdf/low_cost_robot.trans -> /home/chengwsam/ros2_ws/src/install/koch_simulation/share/koch_simulation/urdf
[1.126s] creating /home/chengwsam/ros2_ws/src/install/koch_simulation/share/koch_simulation/meshes
[1.126s] symbolically linking /home/chengwsam/ros2_ws/src/build/koch_simulation/meshes/link3_1.stl -> /home/chengwsam/ros2_ws/src/install/koch_simulation/share/koch_simulation/meshes
[1.126s] symbolically linking /home/chengwsam/ros2_ws/src/build/koch_simulation/meshes/base_link.stl -> /home/chengwsam/ros2_ws/src/install/koch_simulation/share/koch_simulation/meshes
[1.126s] symbolically linking /home/chengwsam/ros2_ws/src/build/koch_simulation/meshes/link4_1.stl -> /home/chengwsam/ros2_ws/src/install/koch_simulation/share/koch_simulation/meshes
[1.126s] symbolically linking /home/chengwsam/ros2_ws/src/build/koch_simulation/meshes/gripper_moving_1.stl -> /home/chengwsam/ros2_ws/src/install/koch_simulation/share/koch_simulation/meshes
[1.126s] symbolically linking /home/chengwsam/ros2_ws/src/build/koch_simulation/meshes/link1_1.stl -> /home/chengwsam/ros2_ws/src/install/koch_simulation/share/koch_simulation/meshes
[1.126s] symbolically linking /home/chengwsam/ros2_ws/src/build/koch_simulation/meshes/link2_1.stl -> /home/chengwsam/ros2_ws/src/install/koch_simulation/share/koch_simulation/meshes
[1.126s] symbolically linking /home/chengwsam/ros2_ws/src/build/koch_simulation/meshes/gripper_static_1.stl -> /home/chengwsam/ros2_ws/src/install/koch_simulation/share/koch_simulation/meshes
[1.126s] creating /home/chengwsam/ros2_ws/src/install/koch_simulation/share/koch_simulation/config
[1.126s] symbolically linking /home/chengwsam/ros2_ws/src/build/koch_simulation/config/display.rviz -> /home/chengwsam/ros2_ws/src/install/koch_simulation/share/koch_simulation/config
[1.152s] Invoked command in '/home/chengwsam/ros2_ws/src/build/koch_simulation' returned '0': PYTHONPATH=/home/chengwsam/ros2_ws/src/build/koch_simulation/prefix_override:/usr/lib/python3/dist-packages/colcon_core/task/python/colcon_distutils_commands:/home/chengwsam/ros2_ws/src/install/koch_simulation/lib/python3.10/site-packages:${PYTHONPATH} /usr/bin/python3 -W ignore:setup.py install is deprecated -W ignore:easy_install command is deprecated setup.py develop --editable --build-directory /home/chengwsam/ros2_ws/src/build/koch_simulation/build --no-deps symlink_data
